Using pre-set license
Built from '2022.3/release' branch; Version is '2022.3.18f1 (d29bea25151d) revision 13802474'; Using compiler version '192829333'; Build Type 'Release'
OS: 'Windows 11  (10.0.22631) 64bit Core' Language: 'en' Physical Memory: 32403 MB
BatchMode: 1, IsHumanControllingUs: 0, StartBugReporterOnCrash: 0, Is64bit: 1, IsPro: 1

COMMAND LINE ARGUMENTS:
C:\Program Files\Unity\Hub\Editor\2022.3.18f1\Editor\Unity.exe
-adb2
-batchMode
-noUpm
-name
AssetImportWorker13
-projectPath
C:/Users/ejbah/SPACE-GOLF
-logFile
Logs/AssetImportWorker13.log
-srvPort
51897
Successfully changed project path to: C:/Users/ejbah/SPACE-GOLF
C:/Users/ejbah/SPACE-GOLF
[UnityMemory] Configuration Parameters - Can be set up in boot.config
    "memorysetup-bucket-allocator-granularity=16"
    "memorysetup-bucket-allocator-bucket-count=8"
    "memorysetup-bucket-allocator-block-size=33554432"
    "memorysetup-bucket-allocator-block-count=8"
    "memorysetup-main-allocator-block-size=16777216"
    "memorysetup-thread-allocator-block-size=16777216"
    "memorysetup-gfx-main-allocator-block-size=16777216"
    "memorysetup-gfx-thread-allocator-block-size=16777216"
    "memorysetup-cache-allocator-block-size=4194304"
    "memorysetup-typetree-allocator-block-size=2097152"
    "memorysetup-profiler-bucket-allocator-granularity=16"
    "memorysetup-profiler-bucket-allocator-bucket-count=8"
    "memorysetup-profiler-bucket-allocator-block-size=33554432"
    "memorysetup-profiler-bucket-allocator-block-count=8"
    "memorysetup-profiler-allocator-block-size=16777216"
    "memorysetup-profiler-editor-allocator-block-size=1048576"
    "memorysetup-temp-allocator-size-main=16777216"
    "memorysetup-job-temp-allocator-block-size=2097152"
    "memorysetup-job-temp-allocator-block-size-background=1048576"
    "memorysetup-job-temp-allocator-reduction-small-platforms=262144"
    "memorysetup-allocator-temp-initial-block-size-main=262144"
    "memorysetup-allocator-temp-initial-block-size-worker=262144"
    "memorysetup-temp-allocator-size-background-worker=32768"
    "memorysetup-temp-allocator-size-job-worker=262144"
    "memorysetup-temp-allocator-size-preload-manager=33554432"
    "memorysetup-temp-allocator-size-nav-mesh-worker=65536"
    "memorysetup-temp-allocator-size-audio-worker=65536"
    "memorysetup-temp-allocator-size-cloud-worker=32768"
    "memorysetup-temp-allocator-size-gi-baking-worker=262144"
    "memorysetup-temp-allocator-size-gfx=262144"
Player connection [25704] Host "[IP] 192.168.86.24 [Port] 0 [Flags] 2 [Guid] 1495180666 [EditorId] 1495180666 [Version] 1048832 [Id] WindowsEditor(7,VirusFactoryV2) [Debug] 1 [PackageName] WindowsEditor [ProjectName] Editor" joined multi-casting on [225.0.0.222:54997]...

Player connection [25704] Host "[IP] 192.168.86.24 [Port] 0 [Flags] 2 [Guid] 1495180666 [EditorId] 1495180666 [Version] 1048832 [Id] WindowsEditor(7,VirusFactoryV2) [Debug] 1 [PackageName] WindowsEditor [ProjectName] Editor" joined alternative multi-casting on [225.0.0.222:34997]...

[Physics::Module] Initialized MultithreadedJobDispatcher with 31 workers.
Refreshing native plugins compatible for Editor in 19.03 ms, found 8 plugins.
Preloading 0 native plugins for Editor in 0.00 ms.
Initialize engine version: 2022.3.18f1 (d29bea25151d)
[Subsystems] Discovering subsystems at path C:/Program Files/Unity/Hub/Editor/2022.3.18f1/Editor/Data/Resources/UnitySubsystems
[Subsystems] Discovering subsystems at path C:/Users/ejbah/SPACE-GOLF/Assets
GfxDevice: creating device client; threaded=0; jobified=0
Direct3D:
    Version:  Direct3D 11.0 [level 11.1]
    Renderer: NVIDIA GeForce RTX 4070 Laptop GPU (ID=0x2860)
    Vendor:   NVIDIA
    VRAM:     7962 MB
    Driver:   31.0.15.3758
Initialize mono
Mono path[0] = 'C:/Program Files/Unity/Hub/Editor/2022.3.18f1/Editor/Data/Managed'
Mono path[1] = 'C:/Program Files/Unity/Hub/Editor/2022.3.18f1/Editor/Data/MonoBleedingEdge/lib/mono/unityjit-win32'
Mono config path = 'C:/Program Files/Unity/Hub/Editor/2022.3.18f1/Editor/Data/MonoBleedingEdge/etc'
Using monoOptions --debugger-agent=transport=dt_socket,embedding=1,server=y,suspend=n,address=127.0.0.1:56700
Begin MonoManager ReloadAssembly
Registering precompiled unity dll's ...
Register platform support module: C:/Program Files/Unity/Hub/Editor/2022.3.18f1/Editor/Data/PlaybackEngines/AndroidPlayer/UnityEditor.Android.Extensions.dll
Register platform support module: C:/Program Files/Unity/Hub/Editor/2022.3.18f1/Editor/Data/PlaybackEngines/iOSSupport/UnityEditor.iOS.Extensions.dll
Register platform support module: C:/Program Files/Unity/Hub/Editor/2022.3.18f1/Editor/Data/PlaybackEngines/WindowsStandaloneSupport/UnityEditor.WindowsStandalone.Extensions.dll
Registered in 0.006855 seconds.
- Loaded All Assemblies, in  0.273 seconds
Native extension for WindowsStandalone target not found
[usbmuxd] Start listen thread
[usbmuxd] Listen thread started
[usbmuxd] Send listen message
Native extension for iOS target not found
Native extension for Android target not found
Android Extension - Scanning For ADB Devices 264 ms
Mono: successfully reloaded assembly
- Finished resetting the current domain, in  0.555 seconds
Domain Reload Profiling: 826ms
	BeginReloadAssembly (79ms)
		ExecutionOrderSort (0ms)
		DisableScriptedObjects (0ms)
		BackupInstance (0ms)
		ReleaseScriptingObjects (0ms)
		CreateAndSetChildDomain (1ms)
	RebuildCommonClasses (24ms)
	RebuildNativeTypeToScriptingClass (8ms)
	initialDomainReloadingComplete (44ms)
	LoadAllAssembliesAndSetupDomain (117ms)
		LoadAssemblies (77ms)
		RebuildTransferFunctionScriptingTraits (0ms)
		AnalyzeDomain (116ms)
			TypeCache.Refresh (114ms)
				TypeCache.ScanAssembly (104ms)
			ScanForSourceGeneratedMonoScriptInfo (0ms)
			ResolveRequiredComponents (0ms)
	FinalizeReload (555ms)
		ReleaseScriptCaches (0ms)
		RebuildScriptCaches (0ms)
		SetupLoadedEditorAssemblies (505ms)
			LogAssemblyErrors (0ms)
			InitializePlatformSupportModulesInManaged (367ms)
			SetLoadedEditorAssemblies (3ms)
			RefreshPlugins (0ms)
			BeforeProcessingInitializeOnLoad (2ms)
			ProcessInitializeOnLoadAttributes (92ms)
			ProcessInitializeOnLoadMethodAttributes (41ms)
			AfterProcessingInitializeOnLoad (0ms)
			EditorAssembliesLoaded (0ms)
		ExecutionOrderSort2 (0ms)
		AwakeInstancesAfterBackupRestoration (0ms)
========================================================================
Worker process is ready to serve import requests
Begin MonoManager ReloadAssembly
- Loaded All Assemblies, in  1.445 seconds
Refreshing native plugins compatible for Editor in 11.73 ms, found 8 plugins.
Native extension for WindowsStandalone target not found
Native extension for iOS target not found
Native extension for Android target not found
Package Manager log level set to [2]
[Package Manager] Server::EnsureServerProcessIsRunning -- launch failed, reason: Unity was launched with the -noUpm command-line argument
[Package Manager] UpmClient::Send -- Unable to send message (not connected to UPM process).
[Package Manager] Cannot connect to Unity Package Manager local server
Mono: successfully reloaded assembly
[Package Manager] Server::EnsureServerProcessIsRunning -- launch failed, reason: Unity was launched with the -noUpm command-line argument
[Package Manager] UpmClient::Send -- Unable to send message (not connected to UPM process).
[Package Manager] Cannot connect to Unity Package Manager local server
[Package Manager] Server::EnsureServerProcessIsRunning -- launch failed, reason: Unity was launched with the -noUpm command-line argument
[Package Manager] UpmClient::Send -- Unable to send message (not connected to UPM process).
[Package Manager] Cannot connect to Unity Package Manager local server
[Package Manager] Server::EnsureServerProcessIsRunning -- launch failed, reason: Unity was launched with the -noUpm command-line argument
[Package Manager] UpmClient::Send -- Unable to send message (not connected to UPM process).
[Package Manager] Cannot connect to Unity Package Manager local server
[Package Manager] Server::EnsureServerProcessIsRunning -- launch failed, reason: Unity was launched with the -noUpm command-line argument
[Package Manager] UpmClient::Send -- Unable to send message (not connected to UPM process).
[Package Manager] Cannot connect to Unity Package Manager local server
- Finished resetting the current domain, in  1.741 seconds
Domain Reload Profiling: 3182ms
	BeginReloadAssembly (189ms)
		ExecutionOrderSort (0ms)
		DisableScriptedObjects (9ms)
		BackupInstance (0ms)
		ReleaseScriptingObjects (0ms)
		CreateAndSetChildDomain (18ms)
	RebuildCommonClasses (29ms)
	RebuildNativeTypeToScriptingClass (9ms)
	initialDomainReloadingComplete (37ms)
	LoadAllAssembliesAndSetupDomain (1176ms)
		LoadAssemblies (1015ms)
		RebuildTransferFunctionScriptingTraits (0ms)
		AnalyzeDomain (277ms)
			TypeCache.Refresh (218ms)
				TypeCache.ScanAssembly (165ms)
			ScanForSourceGeneratedMonoScriptInfo (51ms)
			ResolveRequiredComponents (7ms)
	FinalizeReload (1741ms)
		ReleaseScriptCaches (0ms)
		RebuildScriptCaches (0ms)
		SetupLoadedEditorAssemblies (1590ms)
			LogAssemblyErrors (0ms)
			InitializePlatformSupportModulesInManaged (38ms)
			SetLoadedEditorAssemblies (7ms)
			RefreshPlugins (0ms)
			BeforeProcessingInitializeOnLoad (134ms)
			ProcessInitializeOnLoadAttributes (320ms)
			ProcessInitializeOnLoadMethodAttributes (1086ms)
			AfterProcessingInitializeOnLoad (5ms)
			EditorAssembliesLoaded (0ms)
		ExecutionOrderSort2 (0ms)
		AwakeInstancesAfterBackupRestoration (5ms)
Launched and connected shader compiler UnityShaderCompiler.exe after 0.09 seconds
Refreshing native plugins compatible for Editor in 16.52 ms, found 8 plugins.
Preloading 0 native plugins for Editor in 0.00 ms.
Unloading 4521 Unused Serialized files (Serialized files now loaded: 0)
Unloading 305 unused Assets / (1.7 MB). Loaded Objects now: 4793.
Memory consumption went from 213.9 MB to 212.2 MB.
Total: 4.151000 ms (FindLiveObjects: 0.235100 ms CreateObjectMapping: 0.067700 ms MarkObjects: 2.916700 ms  DeleteObjects: 0.929300 ms)

AssetImportParameters requested are different than current active one (requested -> active):
  custom:container-demuxer-ogg: 62fdf1f143b41e24485cea50d1cbac27 -> 
  custom:video-codec-MediaFoundation-h265: 746d11721c4dcdbdad8f713fa42b33f4 -> 
  custom:video-decoder-ogg-theora: a1e56fd34408186e4bbccfd4996cb3dc -> 
  custom:framework-win-MediaFoundation: 216162199b28c13a410421893ffa2e32 -> 
  custom:CustomObjectIndexerAttribute: 6d391050e5a25f67b0a2c618074f2cd9 -> 
  custom:container-demuxer-webm: 4f35f7cbe854078d1ac9338744f61a02 -> 
  custom:container-muxer-webm: aa71ff27fc2769a1b78a27578f13a17b -> 
  custom:video-decoder-webm-vp8: 9c59270c3fd7afecdb556c50c9e8de78 -> 
  custom:SearchIndexIgnoredProperties: e643bd26f0fe6173181afceb89e7c659 -> 
  custom:AudioImporter_EditorPlatform: d09bf68614088b80899f8185d706f6e7 -> 
  custom:video-encoder-webm-vp8: eb34c28f22e8b96e1ab97ce403110664 -> 
  custom:audio-decoder-ogg-vorbis: bf7c407c2cedff20999df2af8eb42d56 -> 
  custom:audio-encoder-webm-vorbis: bf7c407c2cedff20999df2af8eb42d56 -> 
========================================================================
Received Import Request.
  Time since last request: 14816.369032 seconds.
  path: Assets/Materials/TestMats/StationaryMat.mat
  artifactKey: Guid(c0c876a80869c2c40b224cdc9948d928) Importer(815301076,1909f56bfc062723c751e8b465ee728b)
Start importing Assets/Materials/TestMats/StationaryMat.mat using Guid(c0c876a80869c2c40b224cdc9948d928) Importer(815301076,1909f56bfc062723c751e8b465ee728b)  -> (artifact id: '4bcee7e79a0f18cf97a5b997c89974c6') in 0.139015 seconds
Number of updated asset objects reloaded before import = 0
Number of asset objects unloaded after import = 2
========================================================================
Received Import Request.
  Time since last request: 7.787269 seconds.
  path: Assets/Materials/TestMats/relatedTextures
  artifactKey: Guid(efdb5389b58140e48b3db3ea396e1e69) Importer(815301076,1909f56bfc062723c751e8b465ee728b)
Start importing Assets/Materials/TestMats/relatedTextures using Guid(efdb5389b58140e48b3db3ea396e1e69) Importer(815301076,1909f56bfc062723c751e8b465ee728b)  -> (artifact id: '7dab91cf5e7f3a15e489e85483a8d8da') in 0.000659 seconds
Number of updated asset objects reloaded before import = 0
Number of asset objects unloaded after import = 0
========================================================================
Received Import Request.
  Time since last request: 0.075185 seconds.
  path: Assets/Materials/TestMats/relatedTextures/360_F_511533722_QGRJ4a2J6QivKo1UucbWbvHpO6EqA4fo.jpg
  artifactKey: Guid(d37e85fa4eb56e54f841dae101356636) Importer(815301076,1909f56bfc062723c751e8b465ee728b)
Start importing Assets/Materials/TestMats/relatedTextures/360_F_511533722_QGRJ4a2J6QivKo1UucbWbvHpO6EqA4fo.jpg using Guid(d37e85fa4eb56e54f841dae101356636) Importer(815301076,1909f56bfc062723c751e8b465ee728b)  -> (artifact id: '782834ad4dca678c3d269850ea9adcf3') in 0.041939 seconds
Number of updated asset objects reloaded before import = 0
Number of asset objects unloaded after import = 3
========================================================================
Received Import Request.
  Time since last request: 16.048172 seconds.
  path: Assets/Materials/TestMats/VentDebugMAt.mat
  artifactKey: Guid(957016c725f5ec641afa0e05185e89f7) Importer(815301076,1909f56bfc062723c751e8b465ee728b)
Start importing Assets/Materials/TestMats/VentDebugMAt.mat using Guid(957016c725f5ec641afa0e05185e89f7) Importer(815301076,1909f56bfc062723c751e8b465ee728b)  -> (artifact id: 'dd065685f27a7705f09c5b27410349e7') in 0.028382 seconds
Number of updated asset objects reloaded before import = 0
Number of asset objects unloaded after import = 1
========================================================================
Received Import Request.
  Time since last request: 12.582484 seconds.
  path: Assets/Materials/TestMats/VentDebugMat.mat
  artifactKey: Guid(957016c725f5ec641afa0e05185e89f7) Importer(815301076,1909f56bfc062723c751e8b465ee728b)
Start importing Assets/Materials/TestMats/VentDebugMat.mat using Guid(957016c725f5ec641afa0e05185e89f7) Importer(815301076,1909f56bfc062723c751e8b465ee728b)  -> (artifact id: '19fa090cfb6d9257ce0e5e552a189d53') in 0.048639 seconds
Number of updated asset objects reloaded before import = 0
Number of asset objects unloaded after import = 1
========================================================================
Received Import Request.
  Time since last request: 40.080659 seconds.
  path: Assets/Materials/TestMats/VentDebugMat.mat
  artifactKey: Guid(957016c725f5ec641afa0e05185e89f7) Importer(815301076,1909f56bfc062723c751e8b465ee728b)
Start importing Assets/Materials/TestMats/VentDebugMat.mat using Guid(957016c725f5ec641afa0e05185e89f7) Importer(815301076,1909f56bfc062723c751e8b465ee728b)  -> (artifact id: '49c7e458db4073e0eaeaf16c8835304f') in 0.057091 seconds
Number of updated asset objects reloaded before import = 0
Number of asset objects unloaded after import = 1
========================================================================
Received Import Request.
  Time since last request: 53.842788 seconds.
  path: Packages/com.unity.cinemachine/Editor/EditorResources/CMWaveform.compute
  artifactKey: Guid(6dd3f00b9032de54c8784df7bdc6fdf8) Importer(815301076,1909f56bfc062723c751e8b465ee728b)
Start importing Packages/com.unity.cinemachine/Editor/EditorResources/CMWaveform.compute using Guid(6dd3f00b9032de54c8784df7bdc6fdf8) Importer(815301076,1909f56bfc062723c751e8b465ee728b)  -> (artifact id: '658715843d522ba01512d20a508584e4') in 0.001092 seconds
Number of updated asset objects reloaded before import = 0
Number of asset objects unloaded after import = 1
========================================================================
Received Import Request.
  Time since last request: 0.007015 seconds.
  path: Packages/com.unity.shadergraph/Editor/Generation/Targets/BuiltIn/Editor/ShaderGraph/Includes/PBRForwardAddPass.hlsl
  artifactKey: Guid(32b23321ec58ddc4e88879d693256c3a) Importer(815301076,1909f56bfc062723c751e8b465ee728b)
Start importing Packages/com.unity.shadergraph/Editor/Generation/Targets/BuiltIn/Editor/ShaderGraph/Includes/PBRForwardAddPass.hlsl using Guid(32b23321ec58ddc4e88879d693256c3a) Importer(815301076,1909f56bfc062723c751e8b465ee728b)  -> (artifact id: 'caeae969a83b10c42d1e8ae4c7cc0fee') in 0.000740 seconds
Number of updated asset objects reloaded before import = 0
Number of asset objects unloaded after import = 1
========================================================================
Received Import Request.
  Time since last request: 0.002883 seconds.
  path: Packages/com.unity.shadergraph/Editor/Generation/Targets/BuiltIn/Editor/ShaderGraph/Includes/PBRForwardPass.hlsl
  artifactKey: Guid(6fca0a7fb5d1b8648a17c83915199f6e) Importer(815301076,1909f56bfc062723c751e8b465ee728b)
Start importing Packages/com.unity.shadergraph/Editor/Generation/Targets/BuiltIn/Editor/ShaderGraph/Includes/PBRForwardPass.hlsl using Guid(6fca0a7fb5d1b8648a17c83915199f6e) Importer(815301076,1909f56bfc062723c751e8b465ee728b)  -> (artifact id: 'd822802d60737c0f677cbede5ac995a6') in 0.000765 seconds
Number of updated asset objects reloaded before import = 0
Number of asset objects unloaded after import = 1
========================================================================
Received Import Request.
  Time since last request: 0.000035 seconds.
  path: Assets/Audio/Music/w31rd-the-hallway-02-119804.mp3
  artifactKey: Guid(489b9468a2ca7f349be212f9b21994cf) Importer(815301076,1909f56bfc062723c751e8b465ee728b)
Start importing Assets/Audio/Music/w31rd-the-hallway-02-119804.mp3 using Guid(489b9468a2ca7f349be212f9b21994cf) Importer(815301076,1909f56bfc062723c751e8b465ee728b)  -> (artifact id: '5258fb670b3447e595524e770de17733') in 0.058571 seconds
Number of updated asset objects reloaded before import = 0
Number of asset objects unloaded after import = 2
========================================================================
Received Import Request.
  Time since last request: 52.234035 seconds.
  path: Assets/Models/FBX/Textures/BlackMetalCircular.jpg
  artifactKey: Guid(b6e7f3acf72d7e44a803deeaec009275) Importer(815301076,1909f56bfc062723c751e8b465ee728b)
Start importing Assets/Models/FBX/Textures/BlackMetalCircular.jpg using Guid(b6e7f3acf72d7e44a803deeaec009275) Importer(815301076,1909f56bfc062723c751e8b465ee728b)  -> (artifact id: '925c810a7eae8ea3ec36335b1c874ebb') in 0.046036 seconds
Number of updated asset objects reloaded before import = 0
Number of asset objects unloaded after import = 2
========================================================================
Received Import Request.
  Time since last request: 0.000026 seconds.
  path: Assets/Models/FBX/Textures/GrayMetal.jpg
  artifactKey: Guid(7a369a56b3590b242b9b55a31144fce4) Importer(815301076,1909f56bfc062723c751e8b465ee728b)
Start importing Assets/Models/FBX/Textures/GrayMetal.jpg using Guid(7a369a56b3590b242b9b55a31144fce4) Importer(815301076,1909f56bfc062723c751e8b465ee728b)  -> (artifact id: 'a066931ca329f5ca0d0231ab26899afe') in 0.065541 seconds
Number of updated asset objects reloaded before import = 0
Number of asset objects unloaded after import = 2
========================================================================
Received Import Request.
  Time since last request: 0.000022 seconds.
  path: Assets/Models/FBX/Textures/OrangeMetal.jpg
  artifactKey: Guid(71031aa202ea1174cb6eac32fc566ba0) Importer(815301076,1909f56bfc062723c751e8b465ee728b)
Start importing Assets/Models/FBX/Textures/OrangeMetal.jpg using Guid(71031aa202ea1174cb6eac32fc566ba0) Importer(815301076,1909f56bfc062723c751e8b465ee728b)  -> (artifact id: '9cee5d05e9d16723e1b5dc976d6b9314') in 0.042004 seconds
Number of updated asset objects reloaded before import = 0
Number of asset objects unloaded after import = 2
========================================================================
Received Import Request.
  Time since last request: 0.000410 seconds.
  path: Assets/Models/FBX/Textures/MetalGrateFloorTex2.jpg
  artifactKey: Guid(2cf51648dbb9ba84cadabd598cdbd1f0) Importer(815301076,1909f56bfc062723c751e8b465ee728b)
Start importing Assets/Models/FBX/Textures/MetalGrateFloorTex2.jpg using Guid(2cf51648dbb9ba84cadabd598cdbd1f0) Importer(815301076,1909f56bfc062723c751e8b465ee728b)  -> (artifact id: 'b3b95ce5dcc062000a4ef9b6dd8704e0') in 0.046921 seconds
Number of updated asset objects reloaded before import = 0
Number of asset objects unloaded after import = 2
========================================================================
Received Import Request.
  Time since last request: 0.000156 seconds.
  path: Assets/Models/FBX/Textures/sci-fi-container-metal-door-free-game-texture-306.jpg
  artifactKey: Guid(2f6e5f8ff31d60a449c4a54b4c251202) Importer(815301076,1909f56bfc062723c751e8b465ee728b)
Start importing Assets/Models/FBX/Textures/sci-fi-container-metal-door-free-game-texture-306.jpg using Guid(2f6e5f8ff31d60a449c4a54b4c251202) Importer(815301076,1909f56bfc062723c751e8b465ee728b)  -> (artifact id: '00374358d5b88c4eb8e31337539cce4e') in 0.029156 seconds
Number of updated asset objects reloaded before import = 0
Number of asset objects unloaded after import = 2
========================================================================
Received Import Request.
  Time since last request: 0.000016 seconds.
  path: Assets/Models/FBX/Textures/SciFiMetalBase2.PNG
  artifactKey: Guid(16b084b25f05af14fb374c86f476db65) Importer(815301076,1909f56bfc062723c751e8b465ee728b)
Start importing Assets/Models/FBX/Textures/SciFiMetalBase2.PNG using Guid(16b084b25f05af14fb374c86f476db65) Importer(815301076,1909f56bfc062723c751e8b465ee728b)  -> (artifact id: 'bf4385b09b239b2c0739eb7212492794') in 0.022471 seconds
Number of updated asset objects reloaded before import = 0
Number of asset objects unloaded after import = 2
========================================================================
Received Import Request.
  Time since last request: 0.000031 seconds.
  path: Assets/Models/FBX/Textures/SciFiMetalBase3.PNG
  artifactKey: Guid(2374732fe9a1a2e4881d2c47af0a9c75) Importer(815301076,1909f56bfc062723c751e8b465ee728b)
Start importing Assets/Models/FBX/Textures/SciFiMetalBase3.PNG using Guid(2374732fe9a1a2e4881d2c47af0a9c75) Importer(815301076,1909f56bfc062723c751e8b465ee728b)  -> (artifact id: 'f433a0ddff06fe9c7c737032d14a277d') in 0.024681 seconds
Number of updated asset objects reloaded before import = 0
Number of asset objects unloaded after import = 2
========================================================================
Received Import Request.
  Time since last request: 0.000169 seconds.
  path: Assets/Models/FBX/Textures/Slide6.mp3
  artifactKey: Guid(ad74625658b9944428ba9ed9e97f0dd0) Importer(815301076,1909f56bfc062723c751e8b465ee728b)
Start importing Assets/Models/FBX/Textures/Slide6.mp3 using Guid(ad74625658b9944428ba9ed9e97f0dd0) Importer(815301076,1909f56bfc062723c751e8b465ee728b)  -> (artifact id: '3c3f08b298b362b965990bf16fd4e0c8') in 0.018075 seconds
Number of updated asset objects reloaded before import = 0
Number of asset objects unloaded after import = 2
========================================================================
Received Import Request.
  Time since last request: 0.000019 seconds.
  path: Assets/Models/FBX/Textures/Debris.PNG
  artifactKey: Guid(7477436681656e94cba694beb64dcc49) Importer(815301076,1909f56bfc062723c751e8b465ee728b)
Start importing Assets/Models/FBX/Textures/Debris.PNG using Guid(7477436681656e94cba694beb64dcc49) Importer(815301076,1909f56bfc062723c751e8b465ee728b)  -> (artifact id: '41bb4448e08e433c306b88cda3f51d67') in 0.029883 seconds
Number of updated asset objects reloaded before import = 0
Number of asset objects unloaded after import = 2
========================================================================
Received Import Request.
  Time since last request: 0.000020 seconds.
  path: Assets/Models/FBX/Textures/dark-metallic-angled-stripe-texture.jpg
  artifactKey: Guid(a4b2af46c5f68af498d0c21c8f8245c5) Importer(815301076,1909f56bfc062723c751e8b465ee728b)
Start importing Assets/Models/FBX/Textures/dark-metallic-angled-stripe-texture.jpg using Guid(a4b2af46c5f68af498d0c21c8f8245c5) Importer(815301076,1909f56bfc062723c751e8b465ee728b)  -> (artifact id: '2a88edefc6179b10f4396f8548a3474a') in 0.021504 seconds
Number of updated asset objects reloaded before import = 0
Number of asset objects unloaded after import = 2
========================================================================
Received Import Request.
  Time since last request: 0.000083 seconds.
  path: Assets/Models/FBX/Textures/RustyMetal2.jpg
  artifactKey: Guid(f5382e614129dca47aff50d9be0b370b) Importer(815301076,1909f56bfc062723c751e8b465ee728b)
Start importing Assets/Models/FBX/Textures/RustyMetal2.jpg using Guid(f5382e614129dca47aff50d9be0b370b) Importer(815301076,1909f56bfc062723c751e8b465ee728b)  -> (artifact id: '4204fed54148cf86639b8b8f95dddf74') in 0.067853 seconds
Number of updated asset objects reloaded before import = 0
Number of asset objects unloaded after import = 2
========================================================================
Received Import Request.
  Time since last request: 0.000155 seconds.
  path: Assets/Models/FBX/Textures/RustyMetal1.jpg
  artifactKey: Guid(a811c6305be6cf241b0aa8b9ded423c0) Importer(815301076,1909f56bfc062723c751e8b465ee728b)
Start importing Assets/Models/FBX/Textures/RustyMetal1.jpg using Guid(a811c6305be6cf241b0aa8b9ded423c0) Importer(815301076,1909f56bfc062723c751e8b465ee728b)  -> (artifact id: 'a354d4dd1fb7dbff0d2b5bc4bf979877') in 0.045604 seconds
Number of updated asset objects reloaded before import = 0
Number of asset objects unloaded after import = 2
========================================================================
Received Import Request.
  Time since last request: 0.000260 seconds.
  path: Assets/Models/FBX/Textures/LaserMetal_Secondary.PNG
  artifactKey: Guid(0c0238ed7b04bc64180ccc0d5caf830e) Importer(815301076,1909f56bfc062723c751e8b465ee728b)
Start importing Assets/Models/FBX/Textures/LaserMetal_Secondary.PNG using Guid(0c0238ed7b04bc64180ccc0d5caf830e) Importer(815301076,1909f56bfc062723c751e8b465ee728b)  -> (artifact id: '945287bd0c5851f2b7010e0d3832bdfc') in 0.030252 seconds
Number of updated asset objects reloaded before import = 0
Number of asset objects unloaded after import = 2
========================================================================
Received Import Request.
  Time since last request: 0.000019 seconds.
  path: Assets/Models/FBX/Textures/OrangeMetalDetails.jpg
  artifactKey: Guid(facd4cdffaff0db42acb4f68dfe96cf4) Importer(815301076,1909f56bfc062723c751e8b465ee728b)
Start importing Assets/Models/FBX/Textures/OrangeMetalDetails.jpg using Guid(facd4cdffaff0db42acb4f68dfe96cf4) Importer(815301076,1909f56bfc062723c751e8b465ee728b)  -> (artifact id: 'c8dc0dccff7f2804b456d746da14b95a') in 0.026605 seconds
Number of updated asset objects reloaded before import = 0
Number of asset objects unloaded after import = 2
Editor requested this worker to shutdown with reason: Scaling down because of idle timeout
TcpMessagingSession - receive error: operation aborted. errorcode: 995, details: The I/O operation has been aborted because of either a thread exit or an application request.
AssetImportWorker is now disconnected from the server
Process exiting
Exiting without the bug reporter. Application will terminate with return code 0