Using pre-set license
Built from '2022.3/release' branch; Version is '2022.3.18f1 (d29bea25151d) revision 13802474'; Using compiler version '192829333'; Build Type 'Release'
OS: 'Windows 11  (10.0.22631) 64bit Core' Language: 'en' Physical Memory: 32435 MB
BatchMode: 1, IsHumanControllingUs: 0, StartBugReporterOnCrash: 0, Is64bit: 1, IsPro: 1

COMMAND LINE ARGUMENTS:
C:\Program Files\Unity\Hub\Editor\2022.3.18f1\Editor\Unity.exe
-adb2
-batchMode
-noUpm
-name
AssetImportWorker5
-projectPath
C:/Users/gbowe/Documents/GitHub/404/SPACE-GOLF/SPACE GOLF
-logFile
Logs/AssetImportWorker5.log
-srvPort
57354
Successfully changed project path to: C:/Users/gbowe/Documents/GitHub/404/SPACE-GOLF/SPACE GOLF
C:/Users/gbowe/Documents/GitHub/404/SPACE-GOLF/SPACE GOLF
[UnityMemory] Configuration Parameters - Can be set up in boot.config
    "memorysetup-bucket-allocator-granularity=16"
    "memorysetup-bucket-allocator-bucket-count=8"
    "memorysetup-bucket-allocator-block-size=33554432"
    "memorysetup-bucket-allocator-block-count=8"
    "memorysetup-main-allocator-block-size=16777216"
    "memorysetup-thread-allocator-block-size=16777216"
    "memorysetup-gfx-main-allocator-block-size=16777216"
    "memorysetup-gfx-thread-allocator-block-size=16777216"
    "memorysetup-cache-allocator-block-size=4194304"
    "memorysetup-typetree-allocator-block-size=2097152"
    "memorysetup-profiler-bucket-allocator-granularity=16"
    "memorysetup-profiler-bucket-allocator-bucket-count=8"
    "memorysetup-profiler-bucket-allocator-block-size=33554432"
    "memorysetup-profiler-bucket-allocator-block-count=8"
    "memorysetup-profiler-allocator-block-size=16777216"
    "memorysetup-profiler-editor-allocator-block-size=1048576"
    "memorysetup-temp-allocator-size-main=16777216"
    "memorysetup-job-temp-allocator-block-size=2097152"
    "memorysetup-job-temp-allocator-block-size-background=1048576"
    "memorysetup-job-temp-allocator-reduction-small-platforms=262144"
    "memorysetup-allocator-temp-initial-block-size-main=262144"
    "memorysetup-allocator-temp-initial-block-size-worker=262144"
    "memorysetup-temp-allocator-size-background-worker=32768"
    "memorysetup-temp-allocator-size-job-worker=262144"
    "memorysetup-temp-allocator-size-preload-manager=33554432"
    "memorysetup-temp-allocator-size-nav-mesh-worker=65536"
    "memorysetup-temp-allocator-size-audio-worker=65536"
    "memorysetup-temp-allocator-size-cloud-worker=32768"
    "memorysetup-temp-allocator-size-gi-baking-worker=262144"
    "memorysetup-temp-allocator-size-gfx=262144"
Player connection [13516] Host "[IP] 10.0.0.47 [Port] 0 [Flags] 2 [Guid] 2630327858 [EditorId] 2630327858 [Version] 1048832 [Id] WindowsEditor(7,LAPTOP-NBDJNAID) [Debug] 1 [PackageName] WindowsEditor [ProjectName] Editor" joined multi-casting on [225.0.0.222:54997]...

Player connection [13516] Host "[IP] 10.0.0.47 [Port] 0 [Flags] 2 [Guid] 2630327858 [EditorId] 2630327858 [Version] 1048832 [Id] WindowsEditor(7,LAPTOP-NBDJNAID) [Debug] 1 [PackageName] WindowsEditor [ProjectName] Editor" joined alternative multi-casting on [225.0.0.222:34997]...

[Physics::Module] Initialized MultithreadedJobDispatcher with 23 workers.
Refreshing native plugins compatible for Editor in 21.59 ms, found 8 plugins.
Preloading 0 native plugins for Editor in 0.00 ms.
Initialize engine version: 2022.3.18f1 (d29bea25151d)
[Subsystems] Discovering subsystems at path C:/Program Files/Unity/Hub/Editor/2022.3.18f1/Editor/Data/Resources/UnitySubsystems
[Subsystems] Discovering subsystems at path C:/Users/gbowe/Documents/GitHub/404/SPACE-GOLF/SPACE GOLF/Assets
GfxDevice: creating device client; threaded=0; jobified=0
Direct3D:
    Version:  Direct3D 11.0 [level 11.1]
    Renderer: NVIDIA GeForce RTX 3070 Ti Laptop GPU (ID=0x24e0)
    Vendor:   NVIDIA
    VRAM:     8032 MB
    Driver:   31.0.15.4626
Initialize mono
Mono path[0] = 'C:/Program Files/Unity/Hub/Editor/2022.3.18f1/Editor/Data/Managed'
Mono path[1] = 'C:/Program Files/Unity/Hub/Editor/2022.3.18f1/Editor/Data/MonoBleedingEdge/lib/mono/unityjit-win32'
Mono config path = 'C:/Program Files/Unity/Hub/Editor/2022.3.18f1/Editor/Data/MonoBleedingEdge/etc'
Using monoOptions --debugger-agent=transport=dt_socket,embedding=1,server=y,suspend=n,address=127.0.0.1:56956
Begin MonoManager ReloadAssembly
Registering precompiled unity dll's ...
Register platform support module: C:/Program Files/Unity/Hub/Editor/2022.3.18f1/Editor/Data/PlaybackEngines/AndroidPlayer/UnityEditor.Android.Extensions.dll
Register platform support module: C:/Program Files/Unity/Hub/Editor/2022.3.18f1/Editor/Data/PlaybackEngines/WindowsStandaloneSupport/UnityEditor.WindowsStandalone.Extensions.dll
Registered in 0.007433 seconds.
- Loaded All Assemblies, in  0.267 seconds
Native extension for WindowsStandalone target not found
Native extension for Android target not found
Android Extension - Scanning For ADB Devices 349 ms
Mono: successfully reloaded assembly
- Finished resetting the current domain, in  0.652 seconds
Domain Reload Profiling: 918ms
	BeginReloadAssembly (79ms)
		ExecutionOrderSort (0ms)
		DisableScriptedObjects (0ms)
		BackupInstance (0ms)
		ReleaseScriptingObjects (0ms)
		CreateAndSetChildDomain (0ms)
	RebuildCommonClasses (23ms)
	RebuildNativeTypeToScriptingClass (7ms)
	initialDomainReloadingComplete (44ms)
	LoadAllAssembliesAndSetupDomain (113ms)
		LoadAssemblies (78ms)
		RebuildTransferFunctionScriptingTraits (0ms)
		AnalyzeDomain (111ms)
			TypeCache.Refresh (109ms)
				TypeCache.ScanAssembly (94ms)
			ScanForSourceGeneratedMonoScriptInfo (1ms)
			ResolveRequiredComponents (1ms)
	FinalizeReload (652ms)
		ReleaseScriptCaches (0ms)
		RebuildScriptCaches (0ms)
		SetupLoadedEditorAssemblies (590ms)
			LogAssemblyErrors (0ms)
			InitializePlatformSupportModulesInManaged (466ms)
			SetLoadedEditorAssemblies (4ms)
			RefreshPlugins (0ms)
			BeforeProcessingInitializeOnLoad (2ms)
			ProcessInitializeOnLoadAttributes (82ms)
			ProcessInitializeOnLoadMethodAttributes (36ms)
			AfterProcessingInitializeOnLoad (0ms)
			EditorAssembliesLoaded (0ms)
		ExecutionOrderSort2 (0ms)
		AwakeInstancesAfterBackupRestoration (0ms)
========================================================================
Worker process is ready to serve import requests
Begin MonoManager ReloadAssembly
- Loaded All Assemblies, in  0.430 seconds
Refreshing native plugins compatible for Editor in 21.68 ms, found 8 plugins.
Native extension for WindowsStandalone target not found
Native extension for Android target not found
Package Manager log level set to [2]
[Package Manager] Server::EnsureServerProcessIsRunning -- launch failed, reason: Unity was launched with the -noUpm command-line argument
[Package Manager] UpmClient::Send -- Unable to send message (not connected to UPM process).
[Package Manager] Cannot connect to Unity Package Manager local server
Mono: successfully reloaded assembly
[Package Manager] Server::EnsureServerProcessIsRunning -- launch failed, reason: Unity was launched with the -noUpm command-line argument
[Package Manager] UpmClient::Send -- Unable to send message (not connected to UPM process).
[Package Manager] Cannot connect to Unity Package Manager local server
[Package Manager] Server::EnsureServerProcessIsRunning -- launch failed, reason: Unity was launched with the -noUpm command-line argument
[Package Manager] UpmClient::Send -- Unable to send message (not connected to UPM process).
[Package Manager] Cannot connect to Unity Package Manager local server
[Package Manager] Server::EnsureServerProcessIsRunning -- launch failed, reason: Unity was launched with the -noUpm command-line argument
[Package Manager] UpmClient::Send -- Unable to send message (not connected to UPM process).
[Package Manager] Cannot connect to Unity Package Manager local server
[Package Manager] Server::EnsureServerProcessIsRunning -- launch failed, reason: Unity was launched with the -noUpm command-line argument
[Package Manager] UpmClient::Send -- Unable to send message (not connected to UPM process).
[Package Manager] Cannot connect to Unity Package Manager local server
- Finished resetting the current domain, in  1.189 seconds
Domain Reload Profiling: 1612ms
	BeginReloadAssembly (110ms)
		ExecutionOrderSort (0ms)
		DisableScriptedObjects (3ms)
		BackupInstance (0ms)
		ReleaseScriptingObjects (0ms)
		CreateAndSetChildDomain (15ms)
	RebuildCommonClasses (24ms)
	RebuildNativeTypeToScriptingClass (7ms)
	initialDomainReloadingComplete (34ms)
	LoadAllAssembliesAndSetupDomain (247ms)
		LoadAssemblies (215ms)
		RebuildTransferFunctionScriptingTraits (0ms)
		AnalyzeDomain (102ms)
			TypeCache.Refresh (70ms)
				TypeCache.ScanAssembly (60ms)
			ScanForSourceGeneratedMonoScriptInfo (24ms)
			ResolveRequiredComponents (7ms)
	FinalizeReload (1189ms)
		ReleaseScriptCaches (0ms)
		RebuildScriptCaches (0ms)
		SetupLoadedEditorAssemblies (1037ms)
			LogAssemblyErrors (0ms)
			InitializePlatformSupportModulesInManaged (19ms)
			SetLoadedEditorAssemblies (5ms)
			RefreshPlugins (0ms)
			BeforeProcessingInitializeOnLoad (74ms)
			ProcessInitializeOnLoadAttributes (197ms)
			ProcessInitializeOnLoadMethodAttributes (736ms)
			AfterProcessingInitializeOnLoad (5ms)
			EditorAssembliesLoaded (0ms)
		ExecutionOrderSort2 (0ms)
		AwakeInstancesAfterBackupRestoration (5ms)
Launched and connected shader compiler UnityShaderCompiler.exe after 0.05 seconds
Refreshing native plugins compatible for Editor in 26.62 ms, found 8 plugins.
Preloading 0 native plugins for Editor in 0.00 ms.
Unloading 4469 Unused Serialized files (Serialized files now loaded: 0)
Unloading 253 unused Assets / (1.6 MB). Loaded Objects now: 4793.
Memory consumption went from 205.0 MB to 203.4 MB.
Total: 4.970000 ms (FindLiveObjects: 0.280700 ms CreateObjectMapping: 0.124800 ms MarkObjects: 3.685500 ms  DeleteObjects: 0.878200 ms)

AssetImportParameters requested are different than current active one (requested -> active):
  custom:container-demuxer-ogg: 62fdf1f143b41e24485cea50d1cbac27 -> 
  custom:video-codec-MediaFoundation-h265: 746d11721c4dcdbdad8f713fa42b33f4 -> 
  custom:video-decoder-ogg-theora: a1e56fd34408186e4bbccfd4996cb3dc -> 
  custom:framework-win-MediaFoundation: 216162199b28c13a410421893ffa2e32 -> 
  custom:CustomObjectIndexerAttribute: 6d391050e5a25f67b0a2c618074f2cd9 -> 
  custom:container-demuxer-webm: 4f35f7cbe854078d1ac9338744f61a02 -> 
  custom:container-muxer-webm: aa71ff27fc2769a1b78a27578f13a17b -> 
  custom:video-decoder-webm-vp8: 9c59270c3fd7afecdb556c50c9e8de78 -> 
  custom:SearchIndexIgnoredProperties: e643bd26f0fe6173181afceb89e7c659 -> 
  custom:AudioImporter_EditorPlatform: d09bf68614088b80899f8185d706f6e7 -> 
  custom:video-encoder-webm-vp8: eb34c28f22e8b96e1ab97ce403110664 -> 
  custom:audio-decoder-ogg-vorbis: bf7c407c2cedff20999df2af8eb42d56 -> 
  custom:audio-encoder-webm-vorbis: bf7c407c2cedff20999df2af8eb42d56 -> 
========================================================================
Received Prepare
Begin MonoManager ReloadAssembly
- Loaded All Assemblies, in  0.405 seconds
Refreshing native plugins compatible for Editor in 24.54 ms, found 8 plugins.
Native extension for WindowsStandalone target not found
Native extension for Android target not found
[Package Manager] Server::EnsureServerProcessIsRunning -- launch failed, reason: Unity was launched with the -noUpm command-line argument
[Package Manager] UpmClient::Send -- Unable to send message (not connected to UPM process).
[Package Manager] Cannot connect to Unity Package Manager local server
Mono: successfully reloaded assembly
[Package Manager] Server::EnsureServerProcessIsRunning -- launch failed, reason: Unity was launched with the -noUpm command-line argument
[Package Manager] UpmClient::Send -- Unable to send message (not connected to UPM process).
[Package Manager] Cannot connect to Unity Package Manager local server
[Package Manager] Server::EnsureServerProcessIsRunning -- launch failed, reason: Unity was launched with the -noUpm command-line argument
[Package Manager] UpmClient::Send -- Unable to send message (not connected to UPM process).
[Package Manager] Cannot connect to Unity Package Manager local server
- Finished resetting the current domain, in  2.260 seconds
Domain Reload Profiling: 2660ms
	BeginReloadAssembly (154ms)
		ExecutionOrderSort (0ms)
		DisableScriptedObjects (3ms)
		BackupInstance (0ms)
		ReleaseScriptingObjects (0ms)
		CreateAndSetChildDomain (32ms)
	RebuildCommonClasses (27ms)
	RebuildNativeTypeToScriptingClass (9ms)
	initialDomainReloadingComplete (26ms)
	LoadAllAssembliesAndSetupDomain (184ms)
		LoadAssemblies (246ms)
		RebuildTransferFunctionScriptingTraits (0ms)
		AnalyzeDomain (16ms)
			TypeCache.Refresh (5ms)
				TypeCache.ScanAssembly (0ms)
			ScanForSourceGeneratedMonoScriptInfo (0ms)
			ResolveRequiredComponents (11ms)
	FinalizeReload (2261ms)
		ReleaseScriptCaches (0ms)
		RebuildScriptCaches (0ms)
		SetupLoadedEditorAssemblies (1737ms)
			LogAssemblyErrors (0ms)
			InitializePlatformSupportModulesInManaged (25ms)
			SetLoadedEditorAssemblies (5ms)
			RefreshPlugins (0ms)
			BeforeProcessingInitializeOnLoad (86ms)
			ProcessInitializeOnLoadAttributes (212ms)
			ProcessInitializeOnLoadMethodAttributes (1397ms)
			AfterProcessingInitializeOnLoad (11ms)
			EditorAssembliesLoaded (1ms)
		ExecutionOrderSort2 (0ms)
		AwakeInstancesAfterBackupRestoration (11ms)
Refreshing native plugins compatible for Editor in 33.85 ms, found 8 plugins.
Preloading 0 native plugins for Editor in 0.00 ms.
Unloading 4375 Unused Serialized files (Serialized files now loaded: 0)
Unloading 216 unused Assets / (1.5 MB). Loaded Objects now: 4809.
Memory consumption went from 201.9 MB to 200.4 MB.
Total: 6.542100 ms (FindLiveObjects: 0.413900 ms CreateObjectMapping: 0.315600 ms MarkObjects: 4.512700 ms  DeleteObjects: 1.297700 ms)

Prepare: number of updated asset objects reloaded= 0
AssetImportParameters requested are different than current active one (requested -> active):
  custom:container-demuxer-ogg: 62fdf1f143b41e24485cea50d1cbac27 -> 
  custom:video-codec-MediaFoundation-h265: 746d11721c4dcdbdad8f713fa42b33f4 -> 
  custom:video-decoder-ogg-theora: a1e56fd34408186e4bbccfd4996cb3dc -> 
  custom:framework-win-MediaFoundation: 216162199b28c13a410421893ffa2e32 -> 
  custom:CustomObjectIndexerAttribute: 6d391050e5a25f67b0a2c618074f2cd9 -> 
  custom:container-demuxer-webm: 4f35f7cbe854078d1ac9338744f61a02 -> 
  custom:container-muxer-webm: aa71ff27fc2769a1b78a27578f13a17b -> 
  custom:video-decoder-webm-vp8: 9c59270c3fd7afecdb556c50c9e8de78 -> 
  custom:SearchIndexIgnoredProperties: e643bd26f0fe6173181afceb89e7c659 -> 
  custom:AudioImporter_EditorPlatform: d09bf68614088b80899f8185d706f6e7 -> 
  custom:video-encoder-webm-vp8: eb34c28f22e8b96e1ab97ce403110664 -> 
  custom:audio-decoder-ogg-vorbis: bf7c407c2cedff20999df2af8eb42d56 -> 
  custom:audio-encoder-webm-vorbis: bf7c407c2cedff20999df2af8eb42d56 -> 
========================================================================
Received Prepare
Begin MonoManager ReloadAssembly
- Loaded All Assemblies, in  0.400 seconds
Refreshing native plugins compatible for Editor in 17.13 ms, found 8 plugins.
Native extension for WindowsStandalone target not found
Native extension for Android target not found
[Package Manager] Server::EnsureServerProcessIsRunning -- launch failed, reason: Unity was launched with the -noUpm command-line argument
[Package Manager] UpmClient::Send -- Unable to send message (not connected to UPM process).
[Package Manager] Cannot connect to Unity Package Manager local server
Mono: successfully reloaded assembly
[Package Manager] Server::EnsureServerProcessIsRunning -- launch failed, reason: Unity was launched with the -noUpm command-line argument
[Package Manager] UpmClient::Send -- Unable to send message (not connected to UPM process).
[Package Manager] Cannot connect to Unity Package Manager local server
[Package Manager] Server::EnsureServerProcessIsRunning -- launch failed, reason: Unity was launched with the -noUpm command-line argument
[Package Manager] UpmClient::Send -- Unable to send message (not connected to UPM process).
[Package Manager] Cannot connect to Unity Package Manager local server
- Finished resetting the current domain, in  2.103 seconds
Domain Reload Profiling: 2497ms
	BeginReloadAssembly (147ms)
		ExecutionOrderSort (0ms)
		DisableScriptedObjects (3ms)
		BackupInstance (0ms)
		ReleaseScriptingObjects (0ms)
		CreateAndSetChildDomain (28ms)
	RebuildCommonClasses (34ms)
	RebuildNativeTypeToScriptingClass (16ms)
	initialDomainReloadingComplete (25ms)
	LoadAllAssembliesAndSetupDomain (172ms)
		LoadAssemblies (237ms)
		RebuildTransferFunctionScriptingTraits (0ms)
		AnalyzeDomain (12ms)
			TypeCache.Refresh (5ms)
				TypeCache.ScanAssembly (0ms)
			ScanForSourceGeneratedMonoScriptInfo (0ms)
			ResolveRequiredComponents (7ms)
	FinalizeReload (2104ms)
		ReleaseScriptCaches (0ms)
		RebuildScriptCaches (0ms)
		SetupLoadedEditorAssemblies (1617ms)
			LogAssemblyErrors (0ms)
			InitializePlatformSupportModulesInManaged (26ms)
			SetLoadedEditorAssemblies (5ms)
			RefreshPlugins (0ms)
			BeforeProcessingInitializeOnLoad (82ms)
			ProcessInitializeOnLoadAttributes (219ms)
			ProcessInitializeOnLoadMethodAttributes (1272ms)
			AfterProcessingInitializeOnLoad (12ms)
			EditorAssembliesLoaded (1ms)
		ExecutionOrderSort2 (0ms)
		AwakeInstancesAfterBackupRestoration (12ms)
Refreshing native plugins compatible for Editor in 36.47 ms, found 8 plugins.
Preloading 0 native plugins for Editor in 0.00 ms.
Unloading 4375 Unused Serialized files (Serialized files now loaded: 0)
Unloading 216 unused Assets / (1.6 MB). Loaded Objects now: 4825.
Memory consumption went from 190.7 MB to 189.1 MB.
Total: 4.822300 ms (FindLiveObjects: 0.287600 ms CreateObjectMapping: 0.201100 ms MarkObjects: 3.485500 ms  DeleteObjects: 0.846800 ms)

Prepare: number of updated asset objects reloaded= 0
AssetImportParameters requested are different than current active one (requested -> active):
  custom:container-demuxer-ogg: 62fdf1f143b41e24485cea50d1cbac27 -> 
  custom:video-codec-MediaFoundation-h265: 746d11721c4dcdbdad8f713fa42b33f4 -> 
  custom:video-decoder-ogg-theora: a1e56fd34408186e4bbccfd4996cb3dc -> 
  custom:framework-win-MediaFoundation: 216162199b28c13a410421893ffa2e32 -> 
  custom:CustomObjectIndexerAttribute: 6d391050e5a25f67b0a2c618074f2cd9 -> 
  custom:container-demuxer-webm: 4f35f7cbe854078d1ac9338744f61a02 -> 
  custom:container-muxer-webm: aa71ff27fc2769a1b78a27578f13a17b -> 
  custom:video-decoder-webm-vp8: 9c59270c3fd7afecdb556c50c9e8de78 -> 
  custom:SearchIndexIgnoredProperties: e643bd26f0fe6173181afceb89e7c659 -> 
  custom:AudioImporter_EditorPlatform: d09bf68614088b80899f8185d706f6e7 -> 
  custom:video-encoder-webm-vp8: eb34c28f22e8b96e1ab97ce403110664 -> 
  custom:audio-decoder-ogg-vorbis: bf7c407c2cedff20999df2af8eb42d56 -> 
  custom:audio-encoder-webm-vorbis: bf7c407c2cedff20999df2af8eb42d56 -> 
========================================================================
Received Import Request.
  Time since last request: 217491.798959 seconds.
  path: Assets/Scenes/Bowe_Tutorial_Scene_Profiles/Post-process Volume Profile.asset
  artifactKey: Guid(e43ad612dd023af40bfb968b39e3069c) Importer(815301076,1909f56bfc062723c751e8b465ee728b)
Start importing Assets/Scenes/Bowe_Tutorial_Scene_Profiles/Post-process Volume Profile.asset using Guid(e43ad612dd023af40bfb968b39e3069c) Importer(815301076,1909f56bfc062723c751e8b465ee728b)  -> (artifact id: 'ceb803900ce995b6e3c4b75bd86d2633') in 0.028050 seconds
Number of updated asset objects reloaded before import = 0
Number of asset objects unloaded after import = 3
========================================================================
Received Import Request.
  Time since last request: 193.791582 seconds.
  path: Assets/Models/FBX/Materials/WoodenFence.mat
  artifactKey: Guid(04a53d8947b049a459b4e2dceb02f2dd) Importer(815301076,1909f56bfc062723c751e8b465ee728b)
Start importing Assets/Models/FBX/Materials/WoodenFence.mat using Guid(04a53d8947b049a459b4e2dceb02f2dd) Importer(815301076,1909f56bfc062723c751e8b465ee728b)  -> (artifact id: '3dbf668088565165a864cbeaeb522960') in 0.068225 seconds
Number of updated asset objects reloaded before import = 0
Number of asset objects unloaded after import = 1
========================================================================
Received Import Request.
  Time since last request: 0.000023 seconds.
  path: Assets/Models/FBX/Materials/WoodenFence2.mat
  artifactKey: Guid(e8d05beca89e2cd4bbccfdd4f316add3) Importer(815301076,1909f56bfc062723c751e8b465ee728b)
Start importing Assets/Models/FBX/Materials/WoodenFence2.mat using Guid(e8d05beca89e2cd4bbccfdd4f316add3) Importer(815301076,1909f56bfc062723c751e8b465ee728b)  -> (artifact id: 'f810265f46503d283a8efd440521966d') in 0.011632 seconds
Number of updated asset objects reloaded before import = 0
Number of asset objects unloaded after import = 1
========================================================================
Received Import Request.
  Time since last request: 0.000032 seconds.
  path: Assets/Models/FBX/Materials/Well.mat
  artifactKey: Guid(0e2b8e9cdec92b546ad575cbeb280845) Importer(815301076,1909f56bfc062723c751e8b465ee728b)
Start importing Assets/Models/FBX/Materials/Well.mat using Guid(0e2b8e9cdec92b546ad575cbeb280845) Importer(815301076,1909f56bfc062723c751e8b465ee728b)  -> (artifact id: '0d491aaaedeb2a402aa11616bc1c9c34') in 0.016606 seconds
Number of updated asset objects reloaded before import = 0
Number of asset objects unloaded after import = 1
========================================================================
Received Import Request.
  Time since last request: 0.000380 seconds.
  path: Assets/Models/FBX/Materials/wideStripsBarrel.mat
  artifactKey: Guid(47e87a8bbc03c6b4ca261b564429a916) Importer(815301076,1909f56bfc062723c751e8b465ee728b)
Start importing Assets/Models/FBX/Materials/wideStripsBarrel.mat using Guid(47e87a8bbc03c6b4ca261b564429a916) Importer(815301076,1909f56bfc062723c751e8b465ee728b)  -> (artifact id: '4463d699b084cc928ee3ca800fe4803f') in 0.009570 seconds
Number of updated asset objects reloaded before import = 0
Number of asset objects unloaded after import = 1
========================================================================
Received Import Request.
  Time since last request: 0.000250 seconds.
  path: Assets/Models/FBX/Materials/WideDoublePointedBanner.mat
  artifactKey: Guid(45f596265256fd94a9d25a740352ae76) Importer(815301076,1909f56bfc062723c751e8b465ee728b)
Start importing Assets/Models/FBX/Materials/WideDoublePointedBanner.mat using Guid(45f596265256fd94a9d25a740352ae76) Importer(815301076,1909f56bfc062723c751e8b465ee728b)  -> (artifact id: '6222f3adf0c61a58cd73acd49bd51ff8') in 0.009907 seconds
Number of updated asset objects reloaded before import = 0
Number of asset objects unloaded after import = 1
========================================================================
Received Import Request.
  Time since last request: 0.000130 seconds.
  path: Assets/Models/Levels/AssetPackage/AssetPackage/Tutorial_Final.fbx
  artifactKey: Guid(1bddbab6391b5614caf1b82f0c287bae) Importer(815301076,1909f56bfc062723c751e8b465ee728b)
Start importing Assets/Models/Levels/AssetPackage/AssetPackage/Tutorial_Final.fbx using Guid(1bddbab6391b5614caf1b82f0c287bae) Importer(815301076,1909f56bfc062723c751e8b465ee728b)  -> (artifact id: 'e058e76e20c3485417257a1fcb4679ca') in 0.280920 seconds
Number of updated asset objects reloaded before import = 0
Number of asset objects unloaded after import = 132
========================================================================
Received Import Request.
  Time since last request: 0.009376 seconds.
  path: Assets/Materials/triangularFlag.mat
  artifactKey: Guid(e5abe1d9fb8ba024ba2c2c05d8bb79c5) Importer(815301076,1909f56bfc062723c751e8b465ee728b)
Start importing Assets/Materials/triangularFlag.mat using Guid(e5abe1d9fb8ba024ba2c2c05d8bb79c5) Importer(815301076,1909f56bfc062723c751e8b465ee728b)  -> (artifact id: '25d97e36778d7d24b0f7826a69bb667f') in 0.036134 seconds
Number of updated asset objects reloaded before import = 0
Number of asset objects unloaded after import = 3
========================================================================
Received Import Request.
  Time since last request: 0.000021 seconds.
  path: Assets/Models/FBX/Materials/TriplePointedBanner.mat
  artifactKey: Guid(1895f7006657c804d93b3adc5ee436f6) Importer(815301076,1909f56bfc062723c751e8b465ee728b)
Start importing Assets/Models/FBX/Materials/TriplePointedBanner.mat using Guid(1895f7006657c804d93b3adc5ee436f6) Importer(815301076,1909f56bfc062723c751e8b465ee728b)  -> (artifact id: '77dad9cf114c6bcf1185743d848412a0') in 0.009980 seconds
Number of updated asset objects reloaded before import = 0
Number of asset objects unloaded after import = 1
========================================================================
Received Import Request.
  Time since last request: 0.000195 seconds.
  path: Assets/Models/FBX/Materials/torch.mat
  artifactKey: Guid(8c72d0c511a74e9419ed9456c7f5824f) Importer(815301076,1909f56bfc062723c751e8b465ee728b)
Start importing Assets/Models/FBX/Materials/torch.mat using Guid(8c72d0c511a74e9419ed9456c7f5824f) Importer(815301076,1909f56bfc062723c751e8b465ee728b)  -> (artifact id: '1222adf27742deb8d2df8daef3f3369b') in 0.011113 seconds
Number of updated asset objects reloaded before import = 0
Number of asset objects unloaded after import = 1
========================================================================
Received Import Request.
  Time since last request: 0.000289 seconds.
  path: Assets/Models/FBX/Materials/TireB.mat
  artifactKey: Guid(f146e59ddffad0a4a91668fd49ec3794) Importer(815301076,1909f56bfc062723c751e8b465ee728b)
Start importing Assets/Models/FBX/Materials/TireB.mat using Guid(f146e59ddffad0a4a91668fd49ec3794) Importer(815301076,1909f56bfc062723c751e8b465ee728b)  -> (artifact id: '480eefa6f5bfe0a897254aae88ddff23') in 0.008698 seconds
Number of updated asset objects reloaded before import = 0
Number of asset objects unloaded after import = 1
========================================================================
Received Import Request.
  Time since last request: 0.000051 seconds.
  path: Assets/Models/FBX/Materials/threeStipsBarrel.mat
  artifactKey: Guid(47f67eb0578a0694481dda4d227f4637) Importer(815301076,1909f56bfc062723c751e8b465ee728b)
Start importing Assets/Models/FBX/Materials/threeStipsBarrel.mat using Guid(47f67eb0578a0694481dda4d227f4637) Importer(815301076,1909f56bfc062723c751e8b465ee728b)  -> (artifact id: '344bd37a014de06c9b6d3e69f6bbc2d7') in 0.009586 seconds
Number of updated asset objects reloaded before import = 0
Number of asset objects unloaded after import = 1
========================================================================
Received Import Request.
  Time since last request: 0.000197 seconds.
  path: Assets/Models/FBX/Materials/trashBag.mat
  artifactKey: Guid(48fe8aa404917fe4682f6663d1e9d6e2) Importer(815301076,1909f56bfc062723c751e8b465ee728b)
Start importing Assets/Models/FBX/Materials/trashBag.mat using Guid(48fe8aa404917fe4682f6663d1e9d6e2) Importer(815301076,1909f56bfc062723c751e8b465ee728b)  -> (artifact id: '9a5f0adf55584d30e0c50320626d0454') in 0.007739 seconds
Number of updated asset objects reloaded before import = 0
Number of asset objects unloaded after import = 1
========================================================================
Received Import Request.
  Time since last request: 0.000249 seconds.
  path: Assets/Models/FBX/Materials/Treebark.mat
  artifactKey: Guid(2ef0686f81a669b4493035dd1fc5f554) Importer(815301076,1909f56bfc062723c751e8b465ee728b)
Start importing Assets/Models/FBX/Materials/Treebark.mat using Guid(2ef0686f81a669b4493035dd1fc5f554) Importer(815301076,1909f56bfc062723c751e8b465ee728b)  -> (artifact id: '678bf95f62fa45d28da766b67aca221c') in 0.009518 seconds
Number of updated asset objects reloaded before import = 0
Number of asset objects unloaded after import = 1
========================================================================
Received Import Request.
  Time since last request: 0.000016 seconds.
  path: Assets/Models/FBX/Materials/trafficLights.mat
  artifactKey: Guid(44afdccd9f28b0645b42d4f33e9b4797) Importer(815301076,1909f56bfc062723c751e8b465ee728b)
Start importing Assets/Models/FBX/Materials/trafficLights.mat using Guid(44afdccd9f28b0645b42d4f33e9b4797) Importer(815301076,1909f56bfc062723c751e8b465ee728b)  -> (artifact id: 'c6b20c5827b988d241312b2d6dfb865d') in 0.009491 seconds
Number of updated asset objects reloaded before import = 0
Number of asset objects unloaded after import = 1
========================================================================
Received Import Request.
  Time since last request: 0.000162 seconds.
  path: Assets/Models/FBX/Materials/streetCone.mat
  artifactKey: Guid(1f2f8a23ebdad1441aa626fa6ee1aaea) Importer(815301076,1909f56bfc062723c751e8b465ee728b)
Start importing Assets/Models/FBX/Materials/streetCone.mat using Guid(1f2f8a23ebdad1441aa626fa6ee1aaea) Importer(815301076,1909f56bfc062723c751e8b465ee728b)  -> (artifact id: 'e0e23290ed8705f40253c360c7fab2f0') in 0.007808 seconds
Number of updated asset objects reloaded before import = 0
Number of asset objects unloaded after import = 1
========================================================================
Received Import Request.
  Time since last request: 0.000075 seconds.
  path: Assets/Models/FBX/Materials/streetLampA.mat
  artifactKey: Guid(0da723ba8c4c93949b5dfeafb43a6efb) Importer(815301076,1909f56bfc062723c751e8b465ee728b)
Start importing Assets/Models/FBX/Materials/streetLampA.mat using Guid(0da723ba8c4c93949b5dfeafb43a6efb) Importer(815301076,1909f56bfc062723c751e8b465ee728b)  -> (artifact id: 'fd1191be9b5002392c55af7614358e78') in 0.009779 seconds
Number of updated asset objects reloaded before import = 0
Number of asset objects unloaded after import = 1
========================================================================
Received Import Request.
  Time since last request: 0.000073 seconds.
  path: Assets/Models/FBX/Materials/TreeStump.mat
  artifactKey: Guid(3aad88ce7318d764d8323d43d876361f) Importer(815301076,1909f56bfc062723c751e8b465ee728b)
Start importing Assets/Models/FBX/Materials/TreeStump.mat using Guid(3aad88ce7318d764d8323d43d876361f) Importer(815301076,1909f56bfc062723c751e8b465ee728b)  -> (artifact id: '46128189accea9a82ea0f724a9c7a67e') in 0.007406 seconds
Number of updated asset objects reloaded before import = 0
Number of asset objects unloaded after import = 1
========================================================================
Received Import Request.
  Time since last request: 0.000086 seconds.
  path: Assets/Models/FBX/Materials/TireA.mat
  artifactKey: Guid(9da9f05a25f9bd6469b2231f4f1a125c) Importer(815301076,1909f56bfc062723c751e8b465ee728b)
Start importing Assets/Models/FBX/Materials/TireA.mat using Guid(9da9f05a25f9bd6469b2231f4f1a125c) Importer(815301076,1909f56bfc062723c751e8b465ee728b)  -> (artifact id: '0ba0f9b0cb06e41534fd7f4db29221f8') in 0.007416 seconds
Number of updated asset objects reloaded before import = 0
Number of asset objects unloaded after import = 1
========================================================================
Received Import Request.
  Time since last request: 0.000018 seconds.
  path: Assets/Models/Levels/AssetPackage/AssetPackage/KitchenLevel 1.fbx
  artifactKey: Guid(1257397838aff754abd9a812813c333d) Importer(815301076,1909f56bfc062723c751e8b465ee728b)
Start importing Assets/Models/Levels/AssetPackage/AssetPackage/KitchenLevel 1.fbx using Guid(1257397838aff754abd9a812813c333d) Importer(815301076,1909f56bfc062723c751e8b465ee728b)  -> (artifact id: '4a1fe67b3d192d6dcd2de10286a2d38c') in 1.186947 seconds
Number of updated asset objects reloaded before import = 0
Number of asset objects unloaded after import = 585
========================================================================
Received Import Request.
  Time since last request: 0.182804 seconds.
  path: Assets/Textures&Shaders/Night Sky.shadergraph
  artifactKey: Guid(60f58d83721691b478b2387e5eb211b9) Importer(815301076,1909f56bfc062723c751e8b465ee728b)
Start importing Assets/Textures&Shaders/Night Sky.shadergraph using Guid(60f58d83721691b478b2387e5eb211b9) Importer(815301076,1909f56bfc062723c751e8b465ee728b)  -> (artifact id: '5a6f9eb642336d7b9fe5e4326ca6377d') in 0.337819 seconds
Number of updated asset objects reloaded before import = 0
Number of asset objects unloaded after import = 1
========================================================================
Received Import Request.
  Time since last request: 0.000025 seconds.
  path: Assets/Models/FBX/Materials/MidEivelTable.mat
  artifactKey: Guid(b972159cd183ed846ae36494446798f1) Importer(815301076,1909f56bfc062723c751e8b465ee728b)
Start importing Assets/Models/FBX/Materials/MidEivelTable.mat using Guid(b972159cd183ed846ae36494446798f1) Importer(815301076,1909f56bfc062723c751e8b465ee728b)  -> (artifact id: 'dabb0a98de5944f86f966a9776dd622c') in 0.007370 seconds
Number of updated asset objects reloaded before import = 0
Number of asset objects unloaded after import = 1
========================================================================
Received Import Request.
  Time since last request: 0.000273 seconds.
  path: Assets/Models/FBX/Materials/OpenLinenBag.mat
  artifactKey: Guid(5c66884c9cdaace44b1bb81dae2014e8) Importer(815301076,1909f56bfc062723c751e8b465ee728b)
Start importing Assets/Models/FBX/Materials/OpenLinenBag.mat using Guid(5c66884c9cdaace44b1bb81dae2014e8) Importer(815301076,1909f56bfc062723c751e8b465ee728b)  -> (artifact id: '67d2cfb0743981e7f9a91592866df30e') in 0.007912 seconds
Number of updated asset objects reloaded before import = 0
Number of asset objects unloaded after import = 1
========================================================================
Received Import Request.
  Time since last request: 0.000020 seconds.
  path: Assets/Models/FBX/Materials/multisignPole.mat
  artifactKey: Guid(610485f778deeb342a89284895ebf10a) Importer(815301076,1909f56bfc062723c751e8b465ee728b)
Start importing Assets/Models/FBX/Materials/multisignPole.mat using Guid(610485f778deeb342a89284895ebf10a) Importer(815301076,1909f56bfc062723c751e8b465ee728b)  -> (artifact id: '8f2c68270867b11a6d5cfa937a09f4eb') in 0.007695 seconds
Number of updated asset objects reloaded before import = 0
Number of asset objects unloaded after import = 1
========================================================================
Received Import Request.
  Time since last request: 0.000269 seconds.
  path: Assets/Models/FBX/Materials/MetalTrashCan.mat
  artifactKey: Guid(5cc7b1eb99f1c4f4ca5694465a626925) Importer(815301076,1909f56bfc062723c751e8b465ee728b)
Start importing Assets/Models/FBX/Materials/MetalTrashCan.mat using Guid(5cc7b1eb99f1c4f4ca5694465a626925) Importer(815301076,1909f56bfc062723c751e8b465ee728b)  -> (artifact id: '67ab73b5e8aeeda7a9e2c6fe0ca67507') in 0.007570 seconds
Number of updated asset objects reloaded before import = 0
Number of asset objects unloaded after import = 1
========================================================================
Received Import Request.
  Time since last request: 0.539626 seconds.
  path: Assets/Models/FBX/Materials/MetalCase.mat
  artifactKey: Guid(fdf769a8080d3cf4887ceccc98322fde) Importer(815301076,1909f56bfc062723c751e8b465ee728b)
Start importing Assets/Models/FBX/Materials/MetalCase.mat using Guid(fdf769a8080d3cf4887ceccc98322fde) Importer(815301076,1909f56bfc062723c751e8b465ee728b)  -> (artifact id: '9681af99930be6f256a45db54de01a19') in 0.008606 seconds
Number of updated asset objects reloaded before import = 0
Number of asset objects unloaded after import = 1
========================================================================
Received Import Request.
  Time since last request: 0.382351 seconds.
  path: Assets/Models/FBX/Materials/linenBagClosed.mat
  artifactKey: Guid(43361ca0045e6c347851f49b33472e61) Importer(815301076,1909f56bfc062723c751e8b465ee728b)
Start importing Assets/Models/FBX/Materials/linenBagClosed.mat using Guid(43361ca0045e6c347851f49b33472e61) Importer(815301076,1909f56bfc062723c751e8b465ee728b)  -> (artifact id: '693758a5153a0b4b0f184acbb9fb63eb') in 0.008752 seconds
Number of updated asset objects reloaded before import = 0
Number of asset objects unloaded after import = 1
========================================================================
Received Import Request.
  Time since last request: 0.003164 seconds.
  path: Assets/Models/FBX/Materials/LargeCrate.mat
  artifactKey: Guid(19b9234c90194b746a17ff4540685d30) Importer(815301076,1909f56bfc062723c751e8b465ee728b)
Start importing Assets/Models/FBX/Materials/LargeCrate.mat using Guid(19b9234c90194b746a17ff4540685d30) Importer(815301076,1909f56bfc062723c751e8b465ee728b)  -> (artifact id: 'ada448f3c4ac23fda707eda1d4407bff') in 0.007486 seconds
Number of updated asset objects reloaded before import = 0
Number of asset objects unloaded after import = 1
========================================================================
Received Import Request.
  Time since last request: 0.000171 seconds.
  path: Assets/Models/FBX/Materials/LargeCrateB.mat
  artifactKey: Guid(bf969e169d26825409a9f51ea58f70f5) Importer(815301076,1909f56bfc062723c751e8b465ee728b)
Start importing Assets/Models/FBX/Materials/LargeCrateB.mat using Guid(bf969e169d26825409a9f51ea58f70f5) Importer(815301076,1909f56bfc062723c751e8b465ee728b)  -> (artifact id: '0119b8f500ab4dd70db146e5e787d9ae') in 0.009449 seconds
Number of updated asset objects reloaded before import = 0
Number of asset objects unloaded after import = 1
========================================================================
Received Import Request.
  Time since last request: 0.000138 seconds.
  path: Assets/TextMesh Pro/Resources/Fonts & Materials/LiberationSans SDF - Drop Shadow.mat
  artifactKey: Guid(e73a58f6e2794ae7b1b7e50b7fb811b0) Importer(815301076,1909f56bfc062723c751e8b465ee728b)
Start importing Assets/TextMesh Pro/Resources/Fonts & Materials/LiberationSans SDF - Drop Shadow.mat using Guid(e73a58f6e2794ae7b1b7e50b7fb811b0) Importer(815301076,1909f56bfc062723c751e8b465ee728b)  -> (artifact id: '9db2f1a49b3ae0490966f134820a9f75') in 0.077820 seconds
Number of updated asset objects reloaded before import = 0
Number of asset objects unloaded after import = 2
========================================================================
Received Import Request.
  Time since last request: 0.773891 seconds.
  path: Assets/Models/FBX/Materials/LargeBarrel.mat
  artifactKey: Guid(6971c518cb27d3746bd3897d5808de2a) Importer(815301076,1909f56bfc062723c751e8b465ee728b)
Start importing Assets/Models/FBX/Materials/LargeBarrel.mat using Guid(6971c518cb27d3746bd3897d5808de2a) Importer(815301076,1909f56bfc062723c751e8b465ee728b)  -> (artifact id: 'fb434dc0f5110a4e2ede8b5f769b7fa6') in 0.009455 seconds
Number of updated asset objects reloaded before import = 0
Number of asset objects unloaded after import = 1
========================================================================
Received Import Request.
  Time since last request: 0.004560 seconds.
  path: Assets/Models/FBX/Materials/greenGrunge.mat
  artifactKey: Guid(8e8399ddb6cc8ee4da2a5482fce70a43) Importer(815301076,1909f56bfc062723c751e8b465ee728b)
Start importing Assets/Models/FBX/Materials/greenGrunge.mat using Guid(8e8399ddb6cc8ee4da2a5482fce70a43) Importer(815301076,1909f56bfc062723c751e8b465ee728b)  -> (artifact id: '5d2b89665440c1e4eaade00dcd44f9a9') in 0.013698 seconds
Number of updated asset objects reloaded before import = 0
Number of asset objects unloaded after import = 1
========================================================================
Received Import Request.
  Time since last request: 0.000023 seconds.
  path: Assets/Models/FBX/Materials/HazardousBarrel.mat
  artifactKey: Guid(5250606c41a73184dae419ad51521f07) Importer(815301076,1909f56bfc062723c751e8b465ee728b)
Start importing Assets/Models/FBX/Materials/HazardousBarrel.mat using Guid(5250606c41a73184dae419ad51521f07) Importer(815301076,1909f56bfc062723c751e8b465ee728b)  -> (artifact id: '738728825217c4b1e30afc9c00de1109') in 0.013453 seconds
Number of updated asset objects reloaded before import = 0
Number of asset objects unloaded after import = 1
========================================================================
Received Import Request.
  Time since last request: 0.000119 seconds.
  path: Assets/Models/FBX/Materials/groundPole.mat
  artifactKey: Guid(25ba2ebce70516445afbf5619c2e4d17) Importer(815301076,1909f56bfc062723c751e8b465ee728b)
Start importing Assets/Models/FBX/Materials/groundPole.mat using Guid(25ba2ebce70516445afbf5619c2e4d17) Importer(815301076,1909f56bfc062723c751e8b465ee728b)  -> (artifact id: '915d7e3766439b444fc3ced5cdd94a9f') in 0.009470 seconds
Number of updated asset objects reloaded before import = 0
Number of asset objects unloaded after import = 1
========================================================================
Received Import Request.
  Time since last request: 0.019716 seconds.
  path: Assets/Materials/DustCloud.mat
  artifactKey: Guid(877f15c3d8303bb4ca0019af9019d549) Importer(815301076,1909f56bfc062723c751e8b465ee728b)
Start importing Assets/Materials/DustCloud.mat using Guid(877f15c3d8303bb4ca0019af9019d549) Importer(815301076,1909f56bfc062723c751e8b465ee728b)  -> (artifact id: '596a23e186c6804ece06f65a5eece428') in 0.009116 seconds
Number of updated asset objects reloaded before import = 0
Number of asset objects unloaded after import = 2
========================================================================
Received Import Request.
  Time since last request: 0.000469 seconds.
  path: Assets/Models/FBX/Materials/ExplosiveBarrel.mat
  artifactKey: Guid(b6454fb027d4b234b9c01e582825b83a) Importer(815301076,1909f56bfc062723c751e8b465ee728b)
Start importing Assets/Models/FBX/Materials/ExplosiveBarrel.mat using Guid(b6454fb027d4b234b9c01e582825b83a) Importer(815301076,1909f56bfc062723c751e8b465ee728b)  -> (artifact id: '44e46448884feadc3930fed75f27f842') in 0.015069 seconds
Number of updated asset objects reloaded before import = 0
Number of asset objects unloaded after import = 1
========================================================================
Received Import Request.
  Time since last request: 0.016549 seconds.
  path: Assets/Models/FBX/Materials/Anvil.mat
  artifactKey: Guid(7d61424ea68743c4da1d01597f7633a6) Importer(815301076,1909f56bfc062723c751e8b465ee728b)
Start importing Assets/Models/FBX/Materials/Anvil.mat using Guid(7d61424ea68743c4da1d01597f7633a6) Importer(815301076,1909f56bfc062723c751e8b465ee728b)  -> (artifact id: '8297c6ceadab76351e59c8e4879737bb') in 0.008406 seconds
Number of updated asset objects reloaded before import = 0
Number of asset objects unloaded after import = 1
========================================================================
Received Import Request.
  Time since last request: 0.000023 seconds.
  path: Assets/Models/FBX/Materials/BarrelHolder.mat
  artifactKey: Guid(0451fa788eea6724ebda01c0e0e38838) Importer(815301076,1909f56bfc062723c751e8b465ee728b)
Start importing Assets/Models/FBX/Materials/BarrelHolder.mat using Guid(0451fa788eea6724ebda01c0e0e38838) Importer(815301076,1909f56bfc062723c751e8b465ee728b)  -> (artifact id: '6a7bb00dcbb59c5eb2141fe3747d90f3') in 0.010767 seconds
Number of updated asset objects reloaded before import = 0
Number of asset objects unloaded after import = 1
========================================================================
Received Import Request.
  Time since last request: 0.000070 seconds.
  path: Assets/Models/FBX/Materials/Basket.mat
  artifactKey: Guid(fe02f715837f81b4f8056054a1322095) Importer(815301076,1909f56bfc062723c751e8b465ee728b)
Start importing Assets/Models/FBX/Materials/Basket.mat using Guid(fe02f715837f81b4f8056054a1322095) Importer(815301076,1909f56bfc062723c751e8b465ee728b)  -> (artifact id: 'fb52d6a1082cad3a8fd37084dd369af5') in 0.009078 seconds
Number of updated asset objects reloaded before import = 0
Number of asset objects unloaded after import = 1
========================================================================
Received Import Request.
  Time since last request: 0.426026 seconds.
  path: Assets/Models/FBX/Materials/Bolders.mat
  artifactKey: Guid(4e63db2e471c0cd40995a9f1b0e75187) Importer(815301076,1909f56bfc062723c751e8b465ee728b)
Start importing Assets/Models/FBX/Materials/Bolders.mat using Guid(4e63db2e471c0cd40995a9f1b0e75187) Importer(815301076,1909f56bfc062723c751e8b465ee728b)  -> (artifact id: '22dd298513c7f6cf783a6d7bb003426a') in 0.007567 seconds
Number of updated asset objects reloaded before import = 0
Number of asset objects unloaded after import = 1
========================================================================
Received Import Request.
  Time since last request: 0.000017 seconds.
  path: Assets/Models/FBX/Materials/Cinderblock.mat
  artifactKey: Guid(790b7add5c1670644abc4ec761c04434) Importer(815301076,1909f56bfc062723c751e8b465ee728b)
Start importing Assets/Models/FBX/Materials/Cinderblock.mat using Guid(790b7add5c1670644abc4ec761c04434) Importer(815301076,1909f56bfc062723c751e8b465ee728b)  -> (artifact id: 'db708ef097b3b741874394247b76659a') in 0.010686 seconds
Number of updated asset objects reloaded before import = 0
Number of asset objects unloaded after import = 1
========================================================================
Received Import Request.
  Time since last request: 0.000023 seconds.
  path: Assets/Models/FBX/Materials/Concrete.mat
  artifactKey: Guid(583f065c9693ed74680baa35238e13df) Importer(815301076,1909f56bfc062723c751e8b465ee728b)
Start importing Assets/Models/FBX/Materials/Concrete.mat using Guid(583f065c9693ed74680baa35238e13df) Importer(815301076,1909f56bfc062723c751e8b465ee728b)  -> (artifact id: 'bad7beab2cf5be39c9a723c5c57be648') in 0.016876 seconds
Number of updated asset objects reloaded before import = 0
Number of asset objects unloaded after import = 1
========================================================================
Received Import Request.
  Time since last request: 0.000206 seconds.
  path: Assets/Models/FBX/Materials/Chain.mat
  artifactKey: Guid(633fafab4da33544ba00036362e087e7) Importer(815301076,1909f56bfc062723c751e8b465ee728b)
Start importing Assets/Models/FBX/Materials/Chain.mat using Guid(633fafab4da33544ba00036362e087e7) Importer(815301076,1909f56bfc062723c751e8b465ee728b)  -> (artifact id: '5eae8c7daf5326c689cbb27346210e3a') in 0.010632 seconds
Number of updated asset objects reloaded before import = 0
Number of asset objects unloaded after import = 1
========================================================================
Received Import Request.
  Time since last request: 0.000217 seconds.
  path: Assets/Models/FBX/Materials/cart.mat
  artifactKey: Guid(5ee74528f5e7b7a45a59bd2f52a1c901) Importer(815301076,1909f56bfc062723c751e8b465ee728b)
Start importing Assets/Models/FBX/Materials/cart.mat using Guid(5ee74528f5e7b7a45a59bd2f52a1c901) Importer(815301076,1909f56bfc062723c751e8b465ee728b)  -> (artifact id: 'fcdc46ca266b1be1aacee1dca91c2eab') in 0.010191 seconds
Number of updated asset objects reloaded before import = 0
Number of asset objects unloaded after import = 1
========================================================================
Received Import Request.
  Time since last request: 0.000041 seconds.
  path: Assets/Textures&Shaders/Desert Sky.shadergraph
  artifactKey: Guid(7e2b0f96eeaabd04e9308734a8be9b8a) Importer(815301076,1909f56bfc062723c751e8b465ee728b)
Start importing Assets/Textures&Shaders/Desert Sky.shadergraph using Guid(7e2b0f96eeaabd04e9308734a8be9b8a) Importer(815301076,1909f56bfc062723c751e8b465ee728b)  -> (artifact id: '1b733e16e720b64516c5672bcf09acf8') in 0.489605 seconds
Number of updated asset objects reloaded before import = 0
Number of asset objects unloaded after import = 2
========================================================================
Received Import Request.
  Time since last request: 174.977998 seconds.
  path: Assets/Models/FBX/Materials/ConcreteTombstone.mat
  artifactKey: Guid(2fc1215713ac1644c90b8bf3eb3bc7ae) Importer(815301076,1909f56bfc062723c751e8b465ee728b)
Start importing Assets/Models/FBX/Materials/ConcreteTombstone.mat using Guid(2fc1215713ac1644c90b8bf3eb3bc7ae) Importer(815301076,1909f56bfc062723c751e8b465ee728b)  -> (artifact id: 'ecf5912a154d1649cffa31cc57ae22ca') in 0.030688 seconds
Number of updated asset objects reloaded before import = 0
Number of asset objects unloaded after import = 1
========================================================================
Received Import Request.
  Time since last request: 0.000015 seconds.
  path: Assets/TextMesh Pro/Fonts/conthrax-sb SDF.asset
  artifactKey: Guid(d09b4285cfc61f04cb83d003258a2e55) Importer(815301076,1909f56bfc062723c751e8b465ee728b)
Start importing Assets/TextMesh Pro/Fonts/conthrax-sb SDF.asset using Guid(d09b4285cfc61f04cb83d003258a2e55) Importer(815301076,1909f56bfc062723c751e8b465ee728b)  -> (artifact id: '9f07ac3aba1889f7123349e5f6304f5f') in 0.099667 seconds
Number of updated asset objects reloaded before import = 0
Number of asset objects unloaded after import = 6
========================================================================
Received Import Request.
  Time since last request: 0.000013 seconds.
  path: Assets/Models/FBX/Materials/CrateB.mat
  artifactKey: Guid(a63d5e90474288443bda9af385f53a0b) Importer(815301076,1909f56bfc062723c751e8b465ee728b)
Start importing Assets/Models/FBX/Materials/CrateB.mat using Guid(a63d5e90474288443bda9af385f53a0b) Importer(815301076,1909f56bfc062723c751e8b465ee728b)  -> (artifact id: '03ce365f97661eff416d371ea0f83efb') in 0.020699 seconds
Number of updated asset objects reloaded before import = 0
Number of asset objects unloaded after import = 1
========================================================================
Received Import Request.
  Time since last request: 0.000369 seconds.
  path: Assets/Models/FBX/Materials/crateA.mat
  artifactKey: Guid(e0ee013950320ae4391215d130fb7101) Importer(815301076,1909f56bfc062723c751e8b465ee728b)
Start importing Assets/Models/FBX/Materials/crateA.mat using Guid(e0ee013950320ae4391215d130fb7101) Importer(815301076,1909f56bfc062723c751e8b465ee728b)  -> (artifact id: '031ef056e3e0fb2e4e4f64b7530feee7') in 0.012233 seconds
Number of updated asset objects reloaded before import = 0
Number of asset objects unloaded after import = 1
Editor requested this worker to shutdown with reason: Scaling down because of idle timeout
TcpMessagingSession - receive error: operation aborted. errorcode: 995, details: The I/O operation has been aborted because of either a thread exit or an application request.
AssetImportWorker is now disconnected from the server
Process exiting
Exiting without the bug reporter. Application will terminate with return code 0