Using pre-set license
Built from '2022.3/release' branch; Version is '2022.3.18f1 (d29bea25151d) revision 13802474'; Using compiler version '192829333'; Build Type 'Release'
OS: 'Windows 11  (10.0.22631) 64bit Core' Language: 'en' Physical Memory: 32435 MB
BatchMode: 1, IsHumanControllingUs: 0, StartBugReporterOnCrash: 0, Is64bit: 1, IsPro: 1

COMMAND LINE ARGUMENTS:
C:\Program Files\Unity\Hub\Editor\2022.3.18f1\Editor\Unity.exe
-adb2
-batchMode
-noUpm
-name
AssetImportWorker23
-projectPath
C:/Users/gbowe/Documents/GitHub/404/SPACE-GOLF/SPACE GOLF
-logFile
Logs/AssetImportWorker23.log
-srvPort
55682
Successfully changed project path to: C:/Users/gbowe/Documents/GitHub/404/SPACE-GOLF/SPACE GOLF
C:/Users/gbowe/Documents/GitHub/404/SPACE-GOLF/SPACE GOLF
[UnityMemory] Configuration Parameters - Can be set up in boot.config
    "memorysetup-bucket-allocator-granularity=16"
    "memorysetup-bucket-allocator-bucket-count=8"
    "memorysetup-bucket-allocator-block-size=33554432"
    "memorysetup-bucket-allocator-block-count=8"
    "memorysetup-main-allocator-block-size=16777216"
    "memorysetup-thread-allocator-block-size=16777216"
    "memorysetup-gfx-main-allocator-block-size=16777216"
    "memorysetup-gfx-thread-allocator-block-size=16777216"
    "memorysetup-cache-allocator-block-size=4194304"
    "memorysetup-typetree-allocator-block-size=2097152"
    "memorysetup-profiler-bucket-allocator-granularity=16"
    "memorysetup-profiler-bucket-allocator-bucket-count=8"
    "memorysetup-profiler-bucket-allocator-block-size=33554432"
    "memorysetup-profiler-bucket-allocator-block-count=8"
    "memorysetup-profiler-allocator-block-size=16777216"
    "memorysetup-profiler-editor-allocator-block-size=1048576"
    "memorysetup-temp-allocator-size-main=16777216"
    "memorysetup-job-temp-allocator-block-size=2097152"
    "memorysetup-job-temp-allocator-block-size-background=1048576"
    "memorysetup-job-temp-allocator-reduction-small-platforms=262144"
    "memorysetup-allocator-temp-initial-block-size-main=262144"
    "memorysetup-allocator-temp-initial-block-size-worker=262144"
    "memorysetup-temp-allocator-size-background-worker=32768"
    "memorysetup-temp-allocator-size-job-worker=262144"
    "memorysetup-temp-allocator-size-preload-manager=33554432"
    "memorysetup-temp-allocator-size-nav-mesh-worker=65536"
    "memorysetup-temp-allocator-size-audio-worker=65536"
    "memorysetup-temp-allocator-size-cloud-worker=32768"
    "memorysetup-temp-allocator-size-gi-baking-worker=262144"
    "memorysetup-temp-allocator-size-gfx=262144"
Player connection [30204] Host "[IP] 10.0.0.47 [Port] 0 [Flags] 2 [Guid] 1327961267 [EditorId] 1327961267 [Version] 1048832 [Id] WindowsEditor(7,LAPTOP-NBDJNAID) [Debug] 1 [PackageName] WindowsEditor [ProjectName] Editor" joined multi-casting on [225.0.0.222:54997]...

Player connection [30204] Host "[IP] 10.0.0.47 [Port] 0 [Flags] 2 [Guid] 1327961267 [EditorId] 1327961267 [Version] 1048832 [Id] WindowsEditor(7,LAPTOP-NBDJNAID) [Debug] 1 [PackageName] WindowsEditor [ProjectName] Editor" joined alternative multi-casting on [225.0.0.222:34997]...

[Physics::Module] Initialized MultithreadedJobDispatcher with 23 workers.
Refreshing native plugins compatible for Editor in 19.28 ms, found 8 plugins.
Preloading 0 native plugins for Editor in 0.00 ms.
Initialize engine version: 2022.3.18f1 (d29bea25151d)
[Subsystems] Discovering subsystems at path C:/Program Files/Unity/Hub/Editor/2022.3.18f1/Editor/Data/Resources/UnitySubsystems
[Subsystems] Discovering subsystems at path C:/Users/gbowe/Documents/GitHub/404/SPACE-GOLF/SPACE GOLF/Assets
GfxDevice: creating device client; threaded=0; jobified=0
Direct3D:
    Version:  Direct3D 11.0 [level 11.1]
    Renderer: NVIDIA GeForce RTX 3070 Ti Laptop GPU (ID=0x24e0)
    Vendor:   NVIDIA
    VRAM:     8032 MB
    Driver:   31.0.15.4626
Initialize mono
Mono path[0] = 'C:/Program Files/Unity/Hub/Editor/2022.3.18f1/Editor/Data/Managed'
Mono path[1] = 'C:/Program Files/Unity/Hub/Editor/2022.3.18f1/Editor/Data/MonoBleedingEdge/lib/mono/unityjit-win32'
Mono config path = 'C:/Program Files/Unity/Hub/Editor/2022.3.18f1/Editor/Data/MonoBleedingEdge/etc'
Using monoOptions --debugger-agent=transport=dt_socket,embedding=1,server=y,suspend=n,address=127.0.0.1:56732
Begin MonoManager ReloadAssembly
Registering precompiled unity dll's ...
Register platform support module: C:/Program Files/Unity/Hub/Editor/2022.3.18f1/Editor/Data/PlaybackEngines/AndroidPlayer/UnityEditor.Android.Extensions.dll
Register platform support module: C:/Program Files/Unity/Hub/Editor/2022.3.18f1/Editor/Data/PlaybackEngines/WindowsStandaloneSupport/UnityEditor.WindowsStandalone.Extensions.dll
Registered in 0.006295 seconds.
- Loaded All Assemblies, in  0.250 seconds
Native extension for WindowsStandalone target not found
Native extension for Android target not found
Android Extension - Scanning For ADB Devices 233 ms
Mono: successfully reloaded assembly
- Finished resetting the current domain, in  0.461 seconds
Domain Reload Profiling: 709ms
	BeginReloadAssembly (91ms)
		ExecutionOrderSort (0ms)
		DisableScriptedObjects (0ms)
		BackupInstance (0ms)
		ReleaseScriptingObjects (0ms)
		CreateAndSetChildDomain (1ms)
	RebuildCommonClasses (22ms)
	RebuildNativeTypeToScriptingClass (7ms)
	initialDomainReloadingComplete (40ms)
	LoadAllAssembliesAndSetupDomain (89ms)
		LoadAssemblies (89ms)
		RebuildTransferFunctionScriptingTraits (0ms)
		AnalyzeDomain (87ms)
			TypeCache.Refresh (86ms)
				TypeCache.ScanAssembly (76ms)
			ScanForSourceGeneratedMonoScriptInfo (0ms)
			ResolveRequiredComponents (0ms)
	FinalizeReload (461ms)
		ReleaseScriptCaches (0ms)
		RebuildScriptCaches (0ms)
		SetupLoadedEditorAssemblies (424ms)
			LogAssemblyErrors (0ms)
			InitializePlatformSupportModulesInManaged (319ms)
			SetLoadedEditorAssemblies (3ms)
			RefreshPlugins (0ms)
			BeforeProcessingInitializeOnLoad (1ms)
			ProcessInitializeOnLoadAttributes (72ms)
			ProcessInitializeOnLoadMethodAttributes (29ms)
			AfterProcessingInitializeOnLoad (0ms)
			EditorAssembliesLoaded (0ms)
		ExecutionOrderSort2 (0ms)
		AwakeInstancesAfterBackupRestoration (0ms)
========================================================================
Worker process is ready to serve import requests
Begin MonoManager ReloadAssembly
- Loaded All Assemblies, in  0.386 seconds
Refreshing native plugins compatible for Editor in 11.70 ms, found 8 plugins.
Native extension for WindowsStandalone target not found
Native extension for Android target not found
Package Manager log level set to [2]
[Package Manager] Server::EnsureServerProcessIsRunning -- launch failed, reason: Unity was launched with the -noUpm command-line argument
[Package Manager] UpmClient::Send -- Unable to send message (not connected to UPM process).
[Package Manager] Cannot connect to Unity Package Manager local server
Mono: successfully reloaded assembly
[Package Manager] Server::EnsureServerProcessIsRunning -- launch failed, reason: Unity was launched with the -noUpm command-line argument
[Package Manager] UpmClient::Send -- Unable to send message (not connected to UPM process).
[Package Manager] Cannot connect to Unity Package Manager local server
[Package Manager] Server::EnsureServerProcessIsRunning -- launch failed, reason: Unity was launched with the -noUpm command-line argument
[Package Manager] UpmClient::Send -- Unable to send message (not connected to UPM process).
[Package Manager] Cannot connect to Unity Package Manager local server
[Package Manager] Server::EnsureServerProcessIsRunning -- launch failed, reason: Unity was launched with the -noUpm command-line argument
[Package Manager] UpmClient::Send -- Unable to send message (not connected to UPM process).
[Package Manager] Cannot connect to Unity Package Manager local server
[Package Manager] Server::EnsureServerProcessIsRunning -- launch failed, reason: Unity was launched with the -noUpm command-line argument
[Package Manager] UpmClient::Send -- Unable to send message (not connected to UPM process).
[Package Manager] Cannot connect to Unity Package Manager local server
- Finished resetting the current domain, in  1.101 seconds
Domain Reload Profiling: 1483ms
	BeginReloadAssembly (100ms)
		ExecutionOrderSort (0ms)
		DisableScriptedObjects (3ms)
		BackupInstance (0ms)
		ReleaseScriptingObjects (0ms)
		CreateAndSetChildDomain (15ms)
	RebuildCommonClasses (22ms)
	RebuildNativeTypeToScriptingClass (8ms)
	initialDomainReloadingComplete (31ms)
	LoadAllAssembliesAndSetupDomain (221ms)
		LoadAssemblies (190ms)
		RebuildTransferFunctionScriptingTraits (0ms)
		AnalyzeDomain (90ms)
			TypeCache.Refresh (68ms)
				TypeCache.ScanAssembly (57ms)
			ScanForSourceGeneratedMonoScriptInfo (17ms)
			ResolveRequiredComponents (5ms)
	FinalizeReload (1101ms)
		ReleaseScriptCaches (0ms)
		RebuildScriptCaches (0ms)
		SetupLoadedEditorAssemblies (978ms)
			LogAssemblyErrors (0ms)
			InitializePlatformSupportModulesInManaged (18ms)
			SetLoadedEditorAssemblies (4ms)
			RefreshPlugins (0ms)
			BeforeProcessingInitializeOnLoad (73ms)
			ProcessInitializeOnLoadAttributes (171ms)
			ProcessInitializeOnLoadMethodAttributes (708ms)
			AfterProcessingInitializeOnLoad (5ms)
			EditorAssembliesLoaded (0ms)
		ExecutionOrderSort2 (0ms)
		AwakeInstancesAfterBackupRestoration (4ms)
Launched and connected shader compiler UnityShaderCompiler.exe after 0.04 seconds
Refreshing native plugins compatible for Editor in 12.26 ms, found 8 plugins.
Preloading 0 native plugins for Editor in 0.00 ms.
Unloading 4492 Unused Serialized files (Serialized files now loaded: 0)
Unloading 272 unused Assets / (1.5 MB). Loaded Objects now: 4797.
Memory consumption went from 207.6 MB to 206.0 MB.
Total: 4.514800 ms (FindLiveObjects: 0.337600 ms CreateObjectMapping: 0.113900 ms MarkObjects: 3.482200 ms  DeleteObjects: 0.580000 ms)

AssetImportParameters requested are different than current active one (requested -> active):
  custom:container-demuxer-ogg: 62fdf1f143b41e24485cea50d1cbac27 -> 
  custom:video-codec-MediaFoundation-h265: 746d11721c4dcdbdad8f713fa42b33f4 -> 
  custom:video-decoder-ogg-theora: a1e56fd34408186e4bbccfd4996cb3dc -> 
  custom:framework-win-MediaFoundation: 216162199b28c13a410421893ffa2e32 -> 
  custom:CustomObjectIndexerAttribute: 6d391050e5a25f67b0a2c618074f2cd9 -> 
  custom:container-demuxer-webm: 4f35f7cbe854078d1ac9338744f61a02 -> 
  custom:container-muxer-webm: aa71ff27fc2769a1b78a27578f13a17b -> 
  custom:video-decoder-webm-vp8: 9c59270c3fd7afecdb556c50c9e8de78 -> 
  custom:SearchIndexIgnoredProperties: e643bd26f0fe6173181afceb89e7c659 -> 
  custom:AudioImporter_EditorPlatform: d09bf68614088b80899f8185d706f6e7 -> 
  custom:video-encoder-webm-vp8: eb34c28f22e8b96e1ab97ce403110664 -> 
  custom:audio-decoder-ogg-vorbis: bf7c407c2cedff20999df2af8eb42d56 -> 
  custom:audio-encoder-webm-vorbis: bf7c407c2cedff20999df2af8eb42d56 -> 
========================================================================
Received Import Request.
  Time since last request: 478288.328867 seconds.
  path: Assets/Models/Levels/AssetPackage/AssetPackage/KitchenLevel 1.fbx
  artifactKey: Guid(1257397838aff754abd9a812813c333d) Importer(815301076,1909f56bfc062723c751e8b465ee728b)
Start importing Assets/Models/Levels/AssetPackage/AssetPackage/KitchenLevel 1.fbx using Guid(1257397838aff754abd9a812813c333d) Importer(815301076,1909f56bfc062723c751e8b465ee728b)  -> (artifact id: 'ae3ea6574b07258e9bf4ba09dd8f5439') in 0.967120 seconds
Number of updated asset objects reloaded before import = 0
Number of asset objects unloaded after import = 558
========================================================================
Received Import Request.
  Time since last request: 5.860397 seconds.
  path: Assets/Models/Levels/AssetPackage/AssetPackage/Textures/Debris.mat
  artifactKey: Guid(e0ef5a1c84073e941b1630b23c8c301f) Importer(815301076,1909f56bfc062723c751e8b465ee728b)
Start importing Assets/Models/Levels/AssetPackage/AssetPackage/Textures/Debris.mat using Guid(e0ef5a1c84073e941b1630b23c8c301f) Importer(815301076,1909f56bfc062723c751e8b465ee728b)  -> (artifact id: '4d88a6c14b517b60ecf8a161312bd1de') in 0.027113 seconds
Number of updated asset objects reloaded before import = 0
Number of asset objects unloaded after import = 2
========================================================================
Received Import Request.
  Time since last request: 37.070106 seconds.
  path: Assets/Models/FBX/Materials/Bolders.mat
  artifactKey: Guid(4e63db2e471c0cd40995a9f1b0e75187) Importer(815301076,1909f56bfc062723c751e8b465ee728b)
Start importing Assets/Models/FBX/Materials/Bolders.mat using Guid(4e63db2e471c0cd40995a9f1b0e75187) Importer(815301076,1909f56bfc062723c751e8b465ee728b)  -> (artifact id: '22dd298513c7f6cf783a6d7bb003426a') in 0.021223 seconds
Number of updated asset objects reloaded before import = 0
Number of asset objects unloaded after import = 1
========================================================================
Received Import Request.
  Time since last request: 0.000160 seconds.
  path: Assets/Models/FBX/Materials/CrrateD.mat
  artifactKey: Guid(63f4c78bf248d33449cd410fe566773c) Importer(815301076,1909f56bfc062723c751e8b465ee728b)
Start importing Assets/Models/FBX/Materials/CrrateD.mat using Guid(63f4c78bf248d33449cd410fe566773c) Importer(815301076,1909f56bfc062723c751e8b465ee728b)  -> (artifact id: 'aff3186413aa0e66236a24d3c76a9062') in 0.024221 seconds
Number of updated asset objects reloaded before import = 0
Number of asset objects unloaded after import = 1
========================================================================
Received Import Request.
  Time since last request: 0.000550 seconds.
  path: Assets/Textures&Shaders/Desert Sky.shadergraph
  artifactKey: Guid(7e2b0f96eeaabd04e9308734a8be9b8a) Importer(815301076,1909f56bfc062723c751e8b465ee728b)
Start importing Assets/Textures&Shaders/Desert Sky.shadergraph using Guid(7e2b0f96eeaabd04e9308734a8be9b8a) Importer(815301076,1909f56bfc062723c751e8b465ee728b)  -> (artifact id: '1b733e16e720b64516c5672bcf09acf8') in 0.046433 seconds
Number of updated asset objects reloaded before import = 0
Number of asset objects unloaded after import = 2
========================================================================
Received Import Request.
  Time since last request: 35.160291 seconds.
  path: Assets/Models/FBX/Materials/ExplosiveBarrel.mat
  artifactKey: Guid(b6454fb027d4b234b9c01e582825b83a) Importer(815301076,1909f56bfc062723c751e8b465ee728b)
Start importing Assets/Models/FBX/Materials/ExplosiveBarrel.mat using Guid(b6454fb027d4b234b9c01e582825b83a) Importer(815301076,1909f56bfc062723c751e8b465ee728b)  -> (artifact id: '44e46448884feadc3930fed75f27f842') in 0.011289 seconds
Number of updated asset objects reloaded before import = 0
Number of asset objects unloaded after import = 1
========================================================================
Received Import Request.
  Time since last request: 0.000636 seconds.
  path: Assets/Models/FBX/Materials/FireHydrant.mat
  artifactKey: Guid(e2af222de2862f846868b336f72e9c31) Importer(815301076,1909f56bfc062723c751e8b465ee728b)
Start importing Assets/Models/FBX/Materials/FireHydrant.mat using Guid(e2af222de2862f846868b336f72e9c31) Importer(815301076,1909f56bfc062723c751e8b465ee728b)  -> (artifact id: 'e0ebfed52d5b4d352c3cbd49ba22f3e7') in 0.008221 seconds
Number of updated asset objects reloaded before import = 0
Number of asset objects unloaded after import = 1
========================================================================
Received Import Request.
  Time since last request: 22.892440 seconds.
  path: Assets/TextMesh Pro/Fonts/SpaceMission-rgyw9.otf
  artifactKey: Guid(64953cfd862744b46a5185738044345d) Importer(815301076,1909f56bfc062723c751e8b465ee728b)
Start importing Assets/TextMesh Pro/Fonts/SpaceMission-rgyw9.otf using Guid(64953cfd862744b46a5185738044345d) Importer(815301076,1909f56bfc062723c751e8b465ee728b)  -> (artifact id: '7b24ffbc027e29187d6cac80d5b7bb7d') in 0.025114 seconds
Number of updated asset objects reloaded before import = 0
Number of asset objects unloaded after import = 4
========================================================================
Received Import Request.
  Time since last request: 3.408055 seconds.
  path: Assets/Models/FBX/Materials/CrateB.mat
  artifactKey: Guid(a63d5e90474288443bda9af385f53a0b) Importer(815301076,1909f56bfc062723c751e8b465ee728b)
Start importing Assets/Models/FBX/Materials/CrateB.mat using Guid(a63d5e90474288443bda9af385f53a0b) Importer(815301076,1909f56bfc062723c751e8b465ee728b)  -> (artifact id: '03ce365f97661eff416d371ea0f83efb') in 0.027181 seconds
Number of updated asset objects reloaded before import = 0
Number of asset objects unloaded after import = 1
========================================================================
Received Import Request.
  Time since last request: 0.011067 seconds.
  path: Assets/Models/FBX/Materials/LargeCrate.mat
  artifactKey: Guid(19b9234c90194b746a17ff4540685d30) Importer(815301076,1909f56bfc062723c751e8b465ee728b)
Start importing Assets/Models/FBX/Materials/LargeCrate.mat using Guid(19b9234c90194b746a17ff4540685d30) Importer(815301076,1909f56bfc062723c751e8b465ee728b)  -> (artifact id: 'ada448f3c4ac23fda707eda1d4407bff') in 0.055188 seconds
Number of updated asset objects reloaded before import = 0
Number of asset objects unloaded after import = 1
========================================================================
Received Import Request.
  Time since last request: 0.000026 seconds.
  path: Assets/Models/FBX/Materials/CrateG.mat
  artifactKey: Guid(ea0260fa1b8211c4fbc8a7cece038970) Importer(815301076,1909f56bfc062723c751e8b465ee728b)
Start importing Assets/Models/FBX/Materials/CrateG.mat using Guid(ea0260fa1b8211c4fbc8a7cece038970) Importer(815301076,1909f56bfc062723c751e8b465ee728b)  -> (artifact id: '560b935e6bf39811e66785be7cf892e8') in 0.035286 seconds
Number of updated asset objects reloaded before import = 0
Number of asset objects unloaded after import = 1
========================================================================
Received Import Request.
  Time since last request: 47.155217 seconds.
  path: Assets/Models/FBX/Materials/LargeCone.mat
  artifactKey: Guid(cad8822c78002dd449da5757677d32c6) Importer(815301076,1909f56bfc062723c751e8b465ee728b)
Start importing Assets/Models/FBX/Materials/LargeCone.mat using Guid(cad8822c78002dd449da5757677d32c6) Importer(815301076,1909f56bfc062723c751e8b465ee728b)  -> (artifact id: 'df3b38ff7dca291bd917247d4cba246a') in 0.008976 seconds
Number of updated asset objects reloaded before import = 0
Number of asset objects unloaded after import = 1
========================================================================
Received Import Request.
  Time since last request: 9.838732 seconds.
  path: Assets/Models/FBX/Materials/ConcreteTombstone.mat
  artifactKey: Guid(2fc1215713ac1644c90b8bf3eb3bc7ae) Importer(815301076,1909f56bfc062723c751e8b465ee728b)
Start importing Assets/Models/FBX/Materials/ConcreteTombstone.mat using Guid(2fc1215713ac1644c90b8bf3eb3bc7ae) Importer(815301076,1909f56bfc062723c751e8b465ee728b)  -> (artifact id: 'ecf5912a154d1649cffa31cc57ae22ca') in 0.008972 seconds
Number of updated asset objects reloaded before import = 0
Number of asset objects unloaded after import = 1
========================================================================
Received Import Request.
  Time since last request: 0.528647 seconds.
  path: Assets/Models/FBX/Materials/CartWheel.mat
  artifactKey: Guid(8c63127c38271094bbb468842c90d053) Importer(815301076,1909f56bfc062723c751e8b465ee728b)
Start importing Assets/Models/FBX/Materials/CartWheel.mat using Guid(8c63127c38271094bbb468842c90d053) Importer(815301076,1909f56bfc062723c751e8b465ee728b)  -> (artifact id: '299b81acba63b5b953012b54c048e804') in 0.010223 seconds
Number of updated asset objects reloaded before import = 0
Number of asset objects unloaded after import = 1
========================================================================
Received Import Request.
  Time since last request: 0.135785 seconds.
  path: Assets/Models/FBX/Materials/Burlap.mat
  artifactKey: Guid(c121201d1da0a9d409a8f13227a6ff95) Importer(815301076,1909f56bfc062723c751e8b465ee728b)
Start importing Assets/Models/FBX/Materials/Burlap.mat using Guid(c121201d1da0a9d409a8f13227a6ff95) Importer(815301076,1909f56bfc062723c751e8b465ee728b)  -> (artifact id: '45b9a4b09db7013b524ce72a54acb181') in 0.062868 seconds
Number of updated asset objects reloaded before import = 0
Number of asset objects unloaded after import = 1
Editor requested this worker to shutdown with reason: Scaling down because of idle timeout
TcpMessagingSession - receive error: operation aborted. errorcode: 995, details: The I/O operation has been aborted because of either a thread exit or an application request.
AssetImportWorker is now disconnected from the server
Process exiting
Exiting without the bug reporter. Application will terminate with return code 0