Using pre-set license
Built from '2022.3/release' branch; Version is '2022.3.18f1 (d29bea25151d) revision 13802474'; Using compiler version '192829333'; Build Type 'Release'
OS: 'Windows 11  (10.0.22631) 64bit Core' Language: 'en' Physical Memory: 32435 MB
BatchMode: 1, IsHumanControllingUs: 0, StartBugReporterOnCrash: 0, Is64bit: 1, IsPro: 1

COMMAND LINE ARGUMENTS:
C:\Program Files\Unity\Hub\Editor\2022.3.18f1\Editor\Unity.exe
-adb2
-batchMode
-noUpm
-name
AssetImportWorker25
-projectPath
C:/Users/gbowe/Documents/GitHub/404/SPACE-GOLF/SPACE GOLF
-logFile
Logs/AssetImportWorker25.log
-srvPort
55682
Successfully changed project path to: C:/Users/gbowe/Documents/GitHub/404/SPACE-GOLF/SPACE GOLF
C:/Users/gbowe/Documents/GitHub/404/SPACE-GOLF/SPACE GOLF
[UnityMemory] Configuration Parameters - Can be set up in boot.config
    "memorysetup-bucket-allocator-granularity=16"
    "memorysetup-bucket-allocator-bucket-count=8"
    "memorysetup-bucket-allocator-block-size=33554432"
    "memorysetup-bucket-allocator-block-count=8"
    "memorysetup-main-allocator-block-size=16777216"
    "memorysetup-thread-allocator-block-size=16777216"
    "memorysetup-gfx-main-allocator-block-size=16777216"
    "memorysetup-gfx-thread-allocator-block-size=16777216"
    "memorysetup-cache-allocator-block-size=4194304"
    "memorysetup-typetree-allocator-block-size=2097152"
    "memorysetup-profiler-bucket-allocator-granularity=16"
    "memorysetup-profiler-bucket-allocator-bucket-count=8"
    "memorysetup-profiler-bucket-allocator-block-size=33554432"
    "memorysetup-profiler-bucket-allocator-block-count=8"
    "memorysetup-profiler-allocator-block-size=16777216"
    "memorysetup-profiler-editor-allocator-block-size=1048576"
    "memorysetup-temp-allocator-size-main=16777216"
    "memorysetup-job-temp-allocator-block-size=2097152"
    "memorysetup-job-temp-allocator-block-size-background=1048576"
    "memorysetup-job-temp-allocator-reduction-small-platforms=262144"
    "memorysetup-allocator-temp-initial-block-size-main=262144"
    "memorysetup-allocator-temp-initial-block-size-worker=262144"
    "memorysetup-temp-allocator-size-background-worker=32768"
    "memorysetup-temp-allocator-size-job-worker=262144"
    "memorysetup-temp-allocator-size-preload-manager=33554432"
    "memorysetup-temp-allocator-size-nav-mesh-worker=65536"
    "memorysetup-temp-allocator-size-audio-worker=65536"
    "memorysetup-temp-allocator-size-cloud-worker=32768"
    "memorysetup-temp-allocator-size-gi-baking-worker=262144"
    "memorysetup-temp-allocator-size-gfx=262144"
Player connection [38784] Host "[IP] 10.0.0.47 [Port] 0 [Flags] 2 [Guid] 3085815292 [EditorId] 3085815292 [Version] 1048832 [Id] WindowsEditor(7,LAPTOP-NBDJNAID) [Debug] 1 [PackageName] WindowsEditor [ProjectName] Editor" joined multi-casting on [225.0.0.222:54997]...

Player connection [38784] Host "[IP] 10.0.0.47 [Port] 0 [Flags] 2 [Guid] 3085815292 [EditorId] 3085815292 [Version] 1048832 [Id] WindowsEditor(7,LAPTOP-NBDJNAID) [Debug] 1 [PackageName] WindowsEditor [ProjectName] Editor" joined alternative multi-casting on [225.0.0.222:34997]...

[Physics::Module] Initialized MultithreadedJobDispatcher with 23 workers.
Refreshing native plugins compatible for Editor in 16.77 ms, found 8 plugins.
Preloading 0 native plugins for Editor in 0.00 ms.
Initialize engine version: 2022.3.18f1 (d29bea25151d)
[Subsystems] Discovering subsystems at path C:/Program Files/Unity/Hub/Editor/2022.3.18f1/Editor/Data/Resources/UnitySubsystems
[Subsystems] Discovering subsystems at path C:/Users/gbowe/Documents/GitHub/404/SPACE-GOLF/SPACE GOLF/Assets
GfxDevice: creating device client; threaded=0; jobified=0
Direct3D:
    Version:  Direct3D 11.0 [level 11.1]
    Renderer: NVIDIA GeForce RTX 3070 Ti Laptop GPU (ID=0x24e0)
    Vendor:   NVIDIA
    VRAM:     8032 MB
    Driver:   31.0.15.4626
Initialize mono
Mono path[0] = 'C:/Program Files/Unity/Hub/Editor/2022.3.18f1/Editor/Data/Managed'
Mono path[1] = 'C:/Program Files/Unity/Hub/Editor/2022.3.18f1/Editor/Data/MonoBleedingEdge/lib/mono/unityjit-win32'
Mono config path = 'C:/Program Files/Unity/Hub/Editor/2022.3.18f1/Editor/Data/MonoBleedingEdge/etc'
Using monoOptions --debugger-agent=transport=dt_socket,embedding=1,server=y,suspend=n,address=127.0.0.1:56888
Begin MonoManager ReloadAssembly
Registering precompiled unity dll's ...
Register platform support module: C:/Program Files/Unity/Hub/Editor/2022.3.18f1/Editor/Data/PlaybackEngines/AndroidPlayer/UnityEditor.Android.Extensions.dll
Register platform support module: C:/Program Files/Unity/Hub/Editor/2022.3.18f1/Editor/Data/PlaybackEngines/WindowsStandaloneSupport/UnityEditor.WindowsStandalone.Extensions.dll
Registered in 0.008429 seconds.
- Loaded All Assemblies, in  0.273 seconds
Native extension for WindowsStandalone target not found
Native extension for Android target not found
Android Extension - Scanning For ADB Devices 252 ms
Mono: successfully reloaded assembly
- Finished resetting the current domain, in  0.488 seconds
Domain Reload Profiling: 759ms
	BeginReloadAssembly (87ms)
		ExecutionOrderSort (0ms)
		DisableScriptedObjects (0ms)
		BackupInstance (0ms)
		ReleaseScriptingObjects (0ms)
		CreateAndSetChildDomain (1ms)
	RebuildCommonClasses (25ms)
	RebuildNativeTypeToScriptingClass (7ms)
	initialDomainReloadingComplete (48ms)
	LoadAllAssembliesAndSetupDomain (104ms)
		LoadAssemblies (85ms)
		RebuildTransferFunctionScriptingTraits (0ms)
		AnalyzeDomain (102ms)
			TypeCache.Refresh (101ms)
				TypeCache.ScanAssembly (92ms)
			ScanForSourceGeneratedMonoScriptInfo (0ms)
			ResolveRequiredComponents (0ms)
	FinalizeReload (489ms)
		ReleaseScriptCaches (0ms)
		RebuildScriptCaches (0ms)
		SetupLoadedEditorAssemblies (447ms)
			LogAssemblyErrors (0ms)
			InitializePlatformSupportModulesInManaged (339ms)
			SetLoadedEditorAssemblies (3ms)
			RefreshPlugins (0ms)
			BeforeProcessingInitializeOnLoad (1ms)
			ProcessInitializeOnLoadAttributes (74ms)
			ProcessInitializeOnLoadMethodAttributes (30ms)
			AfterProcessingInitializeOnLoad (0ms)
			EditorAssembliesLoaded (0ms)
		ExecutionOrderSort2 (0ms)
		AwakeInstancesAfterBackupRestoration (0ms)
========================================================================
Worker process is ready to serve import requests
Begin MonoManager ReloadAssembly
- Loaded All Assemblies, in  0.741 seconds
Refreshing native plugins compatible for Editor in 11.99 ms, found 8 plugins.
Native extension for WindowsStandalone target not found
Native extension for Android target not found
Package Manager log level set to [2]
[Package Manager] Server::EnsureServerProcessIsRunning -- launch failed, reason: Unity was launched with the -noUpm command-line argument
[Package Manager] UpmClient::Send -- Unable to send message (not connected to UPM process).
[Package Manager] Cannot connect to Unity Package Manager local server
Mono: successfully reloaded assembly
[Package Manager] Server::EnsureServerProcessIsRunning -- launch failed, reason: Unity was launched with the -noUpm command-line argument
[Package Manager] UpmClient::Send -- Unable to send message (not connected to UPM process).
[Package Manager] Cannot connect to Unity Package Manager local server
[Package Manager] Server::EnsureServerProcessIsRunning -- launch failed, reason: Unity was launched with the -noUpm command-line argument
[Package Manager] UpmClient::Send -- Unable to send message (not connected to UPM process).
[Package Manager] Cannot connect to Unity Package Manager local server
[Package Manager] Server::EnsureServerProcessIsRunning -- launch failed, reason: Unity was launched with the -noUpm command-line argument
[Package Manager] UpmClient::Send -- Unable to send message (not connected to UPM process).
[Package Manager] Cannot connect to Unity Package Manager local server
[Package Manager] Server::EnsureServerProcessIsRunning -- launch failed, reason: Unity was launched with the -noUpm command-line argument
[Package Manager] UpmClient::Send -- Unable to send message (not connected to UPM process).
[Package Manager] Cannot connect to Unity Package Manager local server
- Finished resetting the current domain, in  1.408 seconds
Domain Reload Profiling: 2143ms
	BeginReloadAssembly (138ms)
		ExecutionOrderSort (0ms)
		DisableScriptedObjects (4ms)
		BackupInstance (0ms)
		ReleaseScriptingObjects (0ms)
		CreateAndSetChildDomain (16ms)
	RebuildCommonClasses (26ms)
	RebuildNativeTypeToScriptingClass (7ms)
	initialDomainReloadingComplete (37ms)
	LoadAllAssembliesAndSetupDomain (525ms)
		LoadAssemblies (438ms)
		RebuildTransferFunctionScriptingTraits (0ms)
		AnalyzeDomain (182ms)
			TypeCache.Refresh (152ms)
				TypeCache.ScanAssembly (133ms)
			ScanForSourceGeneratedMonoScriptInfo (24ms)
			ResolveRequiredComponents (5ms)
	FinalizeReload (1409ms)
		ReleaseScriptCaches (0ms)
		RebuildScriptCaches (0ms)
		SetupLoadedEditorAssemblies (1266ms)
			LogAssemblyErrors (0ms)
			InitializePlatformSupportModulesInManaged (21ms)
			SetLoadedEditorAssemblies (4ms)
			RefreshPlugins (0ms)
			BeforeProcessingInitializeOnLoad (67ms)
			ProcessInitializeOnLoadAttributes (265ms)
			ProcessInitializeOnLoadMethodAttributes (900ms)
			AfterProcessingInitializeOnLoad (9ms)
			EditorAssembliesLoaded (0ms)
		ExecutionOrderSort2 (0ms)
		AwakeInstancesAfterBackupRestoration (6ms)
Launched and connected shader compiler UnityShaderCompiler.exe after 0.12 seconds
Refreshing native plugins compatible for Editor in 14.10 ms, found 8 plugins.
Preloading 0 native plugins for Editor in 0.00 ms.
Unloading 4492 Unused Serialized files (Serialized files now loaded: 0)
Unloading 272 unused Assets / (1.5 MB). Loaded Objects now: 4797.
Memory consumption went from 207.9 MB to 206.4 MB.
Total: 4.098900 ms (FindLiveObjects: 0.221000 ms CreateObjectMapping: 0.221100 ms MarkObjects: 3.074900 ms  DeleteObjects: 0.581200 ms)

AssetImportParameters requested are different than current active one (requested -> active):
  custom:container-demuxer-ogg: 62fdf1f143b41e24485cea50d1cbac27 -> 
  custom:video-codec-MediaFoundation-h265: 746d11721c4dcdbdad8f713fa42b33f4 -> 
  custom:video-decoder-ogg-theora: a1e56fd34408186e4bbccfd4996cb3dc -> 
  custom:framework-win-MediaFoundation: 216162199b28c13a410421893ffa2e32 -> 
  custom:CustomObjectIndexerAttribute: 6d391050e5a25f67b0a2c618074f2cd9 -> 
  custom:container-demuxer-webm: 4f35f7cbe854078d1ac9338744f61a02 -> 
  custom:container-muxer-webm: aa71ff27fc2769a1b78a27578f13a17b -> 
  custom:video-decoder-webm-vp8: 9c59270c3fd7afecdb556c50c9e8de78 -> 
  custom:SearchIndexIgnoredProperties: e643bd26f0fe6173181afceb89e7c659 -> 
  custom:AudioImporter_EditorPlatform: d09bf68614088b80899f8185d706f6e7 -> 
  custom:video-encoder-webm-vp8: eb34c28f22e8b96e1ab97ce403110664 -> 
  custom:audio-decoder-ogg-vorbis: bf7c407c2cedff20999df2af8eb42d56 -> 
  custom:audio-encoder-webm-vorbis: bf7c407c2cedff20999df2af8eb42d56 -> 
========================================================================
Received Import Request.
  Time since last request: 478441.163452 seconds.
  path: Assets/Models/FBX/Materials/LampPost.mat
  artifactKey: Guid(4d6bff91ceb094145a12508ab131cf40) Importer(815301076,1909f56bfc062723c751e8b465ee728b)
Start importing Assets/Models/FBX/Materials/LampPost.mat using Guid(4d6bff91ceb094145a12508ab131cf40) Importer(815301076,1909f56bfc062723c751e8b465ee728b)  -> (artifact id: '1eb1cdbd805b9f12a8cfa6f024d7ad25') in 0.078098 seconds
Number of updated asset objects reloaded before import = 0
Number of asset objects unloaded after import = 1
========================================================================
Received Import Request.
  Time since last request: 9.767443 seconds.
  path: Assets/Models/FBX/Materials/Concrete.mat
  artifactKey: Guid(583f065c9693ed74680baa35238e13df) Importer(815301076,1909f56bfc062723c751e8b465ee728b)
Start importing Assets/Models/FBX/Materials/Concrete.mat using Guid(583f065c9693ed74680baa35238e13df) Importer(815301076,1909f56bfc062723c751e8b465ee728b)  -> (artifact id: 'bad7beab2cf5be39c9a723c5c57be648') in 0.009531 seconds
Number of updated asset objects reloaded before import = 0
Number of asset objects unloaded after import = 1
========================================================================
Received Import Request.
  Time since last request: 0.528562 seconds.
  path: Assets/Models/FBX/Materials/CableWheel.mat
  artifactKey: Guid(d2b20c27533c13d4897dfc754cfc8315) Importer(815301076,1909f56bfc062723c751e8b465ee728b)
Start importing Assets/Models/FBX/Materials/CableWheel.mat using Guid(d2b20c27533c13d4897dfc754cfc8315) Importer(815301076,1909f56bfc062723c751e8b465ee728b)  -> (artifact id: '49dd8aefe3f23cc171bff57b91b29e54') in 0.008254 seconds
Number of updated asset objects reloaded before import = 0
Number of asset objects unloaded after import = 1
========================================================================
Received Import Request.
  Time since last request: 0.137366 seconds.
  path: Assets/Models/FBX/Materials/BluePlasticBarrel.mat
  artifactKey: Guid(b12fd51219092e9489916dc740f6dd5b) Importer(815301076,1909f56bfc062723c751e8b465ee728b)
Start importing Assets/Models/FBX/Materials/BluePlasticBarrel.mat using Guid(b12fd51219092e9489916dc740f6dd5b) Importer(815301076,1909f56bfc062723c751e8b465ee728b)  -> (artifact id: '6129a047e5f2ed4dd864d6ad2daa57e6') in 0.068305 seconds
Number of updated asset objects reloaded before import = 0
Number of asset objects unloaded after import = 1
========================================================================
Received Import Request.
  Time since last request: 38.728090 seconds.
  path: Assets/Models/FBX/Materials/MetalTrashCan.mat
  artifactKey: Guid(5cc7b1eb99f1c4f4ca5694465a626925) Importer(815301076,1909f56bfc062723c751e8b465ee728b)
Start importing Assets/Models/FBX/Materials/MetalTrashCan.mat using Guid(5cc7b1eb99f1c4f4ca5694465a626925) Importer(815301076,1909f56bfc062723c751e8b465ee728b)  -> (artifact id: '67ab73b5e8aeeda7a9e2c6fe0ca67507') in 0.007071 seconds
Number of updated asset objects reloaded before import = 0
Number of asset objects unloaded after import = 1
========================================================================
Received Import Request.
  Time since last request: 74.825637 seconds.
  path: Assets/Models/FBX/Materials/MidEivelTable.mat
  artifactKey: Guid(b972159cd183ed846ae36494446798f1) Importer(815301076,1909f56bfc062723c751e8b465ee728b)
Start importing Assets/Models/FBX/Materials/MidEivelTable.mat using Guid(b972159cd183ed846ae36494446798f1) Importer(815301076,1909f56bfc062723c751e8b465ee728b)  -> (artifact id: 'dabb0a98de5944f86f966a9776dd622c') in 0.016660 seconds
Number of updated asset objects reloaded before import = 0
Number of asset objects unloaded after import = 1
========================================================================
Received Import Request.
  Time since last request: 0.004616 seconds.
  path: Assets/Models/FBX/Materials/NarrowDoublePointedBanner.mat
  artifactKey: Guid(fbdc9a21166cb4e43a3af44470f39cb3) Importer(815301076,1909f56bfc062723c751e8b465ee728b)
Start importing Assets/Models/FBX/Materials/NarrowDoublePointedBanner.mat using Guid(fbdc9a21166cb4e43a3af44470f39cb3) Importer(815301076,1909f56bfc062723c751e8b465ee728b)  -> (artifact id: '466ee12b7b5d04297eab72810b76a850') in 0.023029 seconds
Number of updated asset objects reloaded before import = 0
Number of asset objects unloaded after import = 1
========================================================================
Received Import Request.
  Time since last request: 0.000238 seconds.
  path: Assets/Textures&Shaders/Night Sky.shadergraph
  artifactKey: Guid(60f58d83721691b478b2387e5eb211b9) Importer(815301076,1909f56bfc062723c751e8b465ee728b)
Start importing Assets/Textures&Shaders/Night Sky.shadergraph using Guid(60f58d83721691b478b2387e5eb211b9) Importer(815301076,1909f56bfc062723c751e8b465ee728b)  -> (artifact id: '5a6f9eb642336d7b9fe5e4326ca6377d') in 0.058786 seconds
Number of updated asset objects reloaded before import = 0
Number of asset objects unloaded after import = 1
========================================================================
Received Import Request.
  Time since last request: 60.436448 seconds.
  path: Assets/Scenes/Gameplay/Level 3 (Outside Level).unity
  artifactKey: Guid(b4495a6eaf3047e44bc5374d2ba2a32c) Importer(815301076,1909f56bfc062723c751e8b465ee728b)
Start importing Assets/Scenes/Gameplay/Level 3 (Outside Level).unity using Guid(b4495a6eaf3047e44bc5374d2ba2a32c) Importer(815301076,1909f56bfc062723c751e8b465ee728b)  -> (artifact id: 'a3f2131f85658f47ee9eef0b9e8d0342') in 0.000684 seconds
Number of updated asset objects reloaded before import = 0
Number of asset objects unloaded after import = 0
========================================================================
Received Import Request.
  Time since last request: 174.324353 seconds.
  path: Assets/Resources/Prefabs/GamplayStarter.prefab
  artifactKey: Guid(38a6ca18301ac22418e086a66fd0bcf6) Importer(815301076,1909f56bfc062723c751e8b465ee728b)
Start importing Assets/Resources/Prefabs/GamplayStarter.prefab using Guid(38a6ca18301ac22418e086a66fd0bcf6) Importer(815301076,1909f56bfc062723c751e8b465ee728b)  -> (artifact id: '019e5563e201352fd764526ccfac8a2d') in 0.252701 seconds
Number of updated asset objects reloaded before import = 0
Number of asset objects unloaded after import = 417
========================================================================
Received Import Request.
  Time since last request: 6.196764 seconds.
  path: Assets/Resources/Prefabs/GamplayStarter.prefab
  artifactKey: Guid(38a6ca18301ac22418e086a66fd0bcf6) Importer(815301076,1909f56bfc062723c751e8b465ee728b)
Start importing Assets/Resources/Prefabs/GamplayStarter.prefab using Guid(38a6ca18301ac22418e086a66fd0bcf6) Importer(815301076,1909f56bfc062723c751e8b465ee728b)  -> (artifact id: 'ce437b807959cdbec7510a1d05a5958d') in 0.148724 seconds
Number of updated asset objects reloaded before import = 0
Number of asset objects unloaded after import = 417
========================================================================
Received Import Request.
  Time since last request: 134.332638 seconds.
  path: Assets/Scenes/Gameplay/Level 2 (Kitchen).unity
  artifactKey: Guid(96105b888e5053d4e92cd7b751d158b0) Importer(815301076,1909f56bfc062723c751e8b465ee728b)
Start importing Assets/Scenes/Gameplay/Level 2 (Kitchen).unity using Guid(96105b888e5053d4e92cd7b751d158b0) Importer(815301076,1909f56bfc062723c751e8b465ee728b)  -> (artifact id: 'fa559c6f89f8a569dcbdf79416bcee04') in 0.001080 seconds
Number of updated asset objects reloaded before import = 0
Number of asset objects unloaded after import = 0
========================================================================
Received Import Request.
  Time since last request: 15.817734 seconds.
  path: Assets/Scenes/Gameplay/Level 3 (Outside Level).unity
  artifactKey: Guid(b4495a6eaf3047e44bc5374d2ba2a32c) Importer(815301076,1909f56bfc062723c751e8b465ee728b)
Start importing Assets/Scenes/Gameplay/Level 3 (Outside Level).unity using Guid(b4495a6eaf3047e44bc5374d2ba2a32c) Importer(815301076,1909f56bfc062723c751e8b465ee728b)  -> (artifact id: '9b7c01ca159d331a73c4d53d4a4c7b5e') in 0.000589 seconds
Number of updated asset objects reloaded before import = 0
Number of asset objects unloaded after import = 0
========================================================================
Received Import Request.
  Time since last request: 198.100317 seconds.
  path: Assets/Audio/SFX/coyotes-at-dawn-28397.mp3
  artifactKey: Guid(5fa0463197f81c94a8a31dfa5478af9c) Importer(815301076,1909f56bfc062723c751e8b465ee728b)
Start importing Assets/Audio/SFX/coyotes-at-dawn-28397.mp3 using Guid(5fa0463197f81c94a8a31dfa5478af9c) Importer(815301076,1909f56bfc062723c751e8b465ee728b)  -> (artifact id: 'e4d0b19df593098408638e1d0b507cf3') in 0.061696 seconds
Number of updated asset objects reloaded before import = 0
Number of asset objects unloaded after import = 2
========================================================================
Received Prepare
Begin MonoManager ReloadAssembly
- Loaded All Assemblies, in  0.331 seconds
Refreshing native plugins compatible for Editor in 13.79 ms, found 8 plugins.
Native extension for WindowsStandalone target not found
Native extension for Android target not found
[Package Manager] Server::EnsureServerProcessIsRunning -- launch failed, reason: Unity was launched with the -noUpm command-line argument
[Package Manager] UpmClient::Send -- Unable to send message (not connected to UPM process).
[Package Manager] Cannot connect to Unity Package Manager local server
Mono: successfully reloaded assembly
[Package Manager] Server::EnsureServerProcessIsRunning -- launch failed, reason: Unity was launched with the -noUpm command-line argument
[Package Manager] UpmClient::Send -- Unable to send message (not connected to UPM process).
[Package Manager] Cannot connect to Unity Package Manager local server
[Package Manager] Server::EnsureServerProcessIsRunning -- launch failed, reason: Unity was launched with the -noUpm command-line argument
[Package Manager] UpmClient::Send -- Unable to send message (not connected to UPM process).
[Package Manager] Cannot connect to Unity Package Manager local server
- Finished resetting the current domain, in  1.685 seconds
Domain Reload Profiling: 2012ms
	BeginReloadAssembly (120ms)
		ExecutionOrderSort (0ms)
		DisableScriptedObjects (3ms)
		BackupInstance (0ms)
		ReleaseScriptingObjects (0ms)
		CreateAndSetChildDomain (23ms)
	RebuildCommonClasses (23ms)
	RebuildNativeTypeToScriptingClass (12ms)
	initialDomainReloadingComplete (23ms)
	LoadAllAssembliesAndSetupDomain (148ms)
		LoadAssemblies (202ms)
		RebuildTransferFunctionScriptingTraits (0ms)
		AnalyzeDomain (10ms)
			TypeCache.Refresh (4ms)
				TypeCache.ScanAssembly (0ms)
			ScanForSourceGeneratedMonoScriptInfo (0ms)
			ResolveRequiredComponents (6ms)
	FinalizeReload (1686ms)
		ReleaseScriptCaches (0ms)
		RebuildScriptCaches (0ms)
		SetupLoadedEditorAssemblies (1255ms)
			LogAssemblyErrors (0ms)
			InitializePlatformSupportModulesInManaged (20ms)
			SetLoadedEditorAssemblies (4ms)
			RefreshPlugins (0ms)
			BeforeProcessingInitializeOnLoad (79ms)
			ProcessInitializeOnLoadAttributes (182ms)
			ProcessInitializeOnLoadMethodAttributes (963ms)
			AfterProcessingInitializeOnLoad (6ms)
			EditorAssembliesLoaded (1ms)
		ExecutionOrderSort2 (0ms)
		AwakeInstancesAfterBackupRestoration (6ms)
Refreshing native plugins compatible for Editor in 19.22 ms, found 8 plugins.
Preloading 0 native plugins for Editor in 0.00 ms.
Unloading 4398 Unused Serialized files (Serialized files now loaded: 0)
Unloading 242 unused Assets / (1.5 MB). Loaded Objects now: 4856.
Memory consumption went from 205.4 MB to 203.8 MB.
Total: 4.031900 ms (FindLiveObjects: 0.217100 ms CreateObjectMapping: 0.109900 ms MarkObjects: 3.059800 ms  DeleteObjects: 0.643800 ms)

Prepare: number of updated asset objects reloaded= 0
AssetImportParameters requested are different than current active one (requested -> active):
  custom:container-demuxer-ogg: 62fdf1f143b41e24485cea50d1cbac27 -> 
  custom:video-codec-MediaFoundation-h265: 746d11721c4dcdbdad8f713fa42b33f4 -> 
  custom:video-decoder-ogg-theora: a1e56fd34408186e4bbccfd4996cb3dc -> 
  custom:framework-win-MediaFoundation: 216162199b28c13a410421893ffa2e32 -> 
  custom:CustomObjectIndexerAttribute: 6d391050e5a25f67b0a2c618074f2cd9 -> 
  custom:container-demuxer-webm: 4f35f7cbe854078d1ac9338744f61a02 -> 
  custom:container-muxer-webm: aa71ff27fc2769a1b78a27578f13a17b -> 
  custom:video-decoder-webm-vp8: 9c59270c3fd7afecdb556c50c9e8de78 -> 
  custom:SearchIndexIgnoredProperties: e643bd26f0fe6173181afceb89e7c659 -> 
  custom:AudioImporter_EditorPlatform: d09bf68614088b80899f8185d706f6e7 -> 
  custom:video-encoder-webm-vp8: eb34c28f22e8b96e1ab97ce403110664 -> 
  custom:audio-decoder-ogg-vorbis: bf7c407c2cedff20999df2af8eb42d56 -> 
  custom:audio-encoder-webm-vorbis: bf7c407c2cedff20999df2af8eb42d56 -> 
========================================================================
Received Prepare
Begin MonoManager ReloadAssembly
- Loaded All Assemblies, in  0.317 seconds
Refreshing native plugins compatible for Editor in 13.36 ms, found 8 plugins.
Native extension for WindowsStandalone target not found
Native extension for Android target not found
[Package Manager] Server::EnsureServerProcessIsRunning -- launch failed, reason: Unity was launched with the -noUpm command-line argument
[Package Manager] UpmClient::Send -- Unable to send message (not connected to UPM process).
[Package Manager] Cannot connect to Unity Package Manager local server
Mono: successfully reloaded assembly
[Package Manager] Server::EnsureServerProcessIsRunning -- launch failed, reason: Unity was launched with the -noUpm command-line argument
[Package Manager] UpmClient::Send -- Unable to send message (not connected to UPM process).
[Package Manager] Cannot connect to Unity Package Manager local server
[Package Manager] Server::EnsureServerProcessIsRunning -- launch failed, reason: Unity was launched with the -noUpm command-line argument
[Package Manager] UpmClient::Send -- Unable to send message (not connected to UPM process).
[Package Manager] Cannot connect to Unity Package Manager local server
- Finished resetting the current domain, in  1.610 seconds
Domain Reload Profiling: 1923ms
	BeginReloadAssembly (119ms)
		ExecutionOrderSort (0ms)
		DisableScriptedObjects (2ms)
		BackupInstance (0ms)
		ReleaseScriptingObjects (0ms)
		CreateAndSetChildDomain (20ms)
	RebuildCommonClasses (22ms)
	RebuildNativeTypeToScriptingClass (7ms)
	initialDomainReloadingComplete (24ms)
	LoadAllAssembliesAndSetupDomain (139ms)
		LoadAssemblies (196ms)
		RebuildTransferFunctionScriptingTraits (0ms)
		AnalyzeDomain (11ms)
			TypeCache.Refresh (5ms)
				TypeCache.ScanAssembly (0ms)
			ScanForSourceGeneratedMonoScriptInfo (0ms)
			ResolveRequiredComponents (6ms)
	FinalizeReload (1611ms)
		ReleaseScriptCaches (0ms)
		RebuildScriptCaches (0ms)
		SetupLoadedEditorAssemblies (1227ms)
			LogAssemblyErrors (0ms)
			InitializePlatformSupportModulesInManaged (19ms)
			SetLoadedEditorAssemblies (4ms)
			RefreshPlugins (0ms)
			BeforeProcessingInitializeOnLoad (76ms)
			ProcessInitializeOnLoadAttributes (166ms)
			ProcessInitializeOnLoadMethodAttributes (953ms)
			AfterProcessingInitializeOnLoad (8ms)
			EditorAssembliesLoaded (1ms)
		ExecutionOrderSort2 (0ms)
		AwakeInstancesAfterBackupRestoration (7ms)
Refreshing native plugins compatible for Editor in 13.92 ms, found 8 plugins.
Preloading 0 native plugins for Editor in 0.00 ms.
Unloading 4399 Unused Serialized files (Serialized files now loaded: 0)
Unloading 236 unused Assets / (1.5 MB). Loaded Objects now: 4872.
Memory consumption went from 194.5 MB to 193.0 MB.
Total: 4.104600 ms (FindLiveObjects: 0.206600 ms CreateObjectMapping: 0.094800 ms MarkObjects: 3.204400 ms  DeleteObjects: 0.596900 ms)

Prepare: number of updated asset objects reloaded= 0
AssetImportParameters requested are different than current active one (requested -> active):
  custom:container-demuxer-ogg: 62fdf1f143b41e24485cea50d1cbac27 -> 
  custom:video-codec-MediaFoundation-h265: 746d11721c4dcdbdad8f713fa42b33f4 -> 
  custom:video-decoder-ogg-theora: a1e56fd34408186e4bbccfd4996cb3dc -> 
  custom:framework-win-MediaFoundation: 216162199b28c13a410421893ffa2e32 -> 
  custom:CustomObjectIndexerAttribute: 6d391050e5a25f67b0a2c618074f2cd9 -> 
  custom:container-demuxer-webm: 4f35f7cbe854078d1ac9338744f61a02 -> 
  custom:container-muxer-webm: aa71ff27fc2769a1b78a27578f13a17b -> 
  custom:video-decoder-webm-vp8: 9c59270c3fd7afecdb556c50c9e8de78 -> 
  custom:SearchIndexIgnoredProperties: e643bd26f0fe6173181afceb89e7c659 -> 
  custom:AudioImporter_EditorPlatform: d09bf68614088b80899f8185d706f6e7 -> 
  custom:video-encoder-webm-vp8: eb34c28f22e8b96e1ab97ce403110664 -> 
  custom:audio-decoder-ogg-vorbis: bf7c407c2cedff20999df2af8eb42d56 -> 
  custom:audio-encoder-webm-vorbis: bf7c407c2cedff20999df2af8eb42d56 -> 
========================================================================
Received Import Request.
  Time since last request: 232.566863 seconds.
  path: Assets/Prefabs/ARLevel.prefab
  artifactKey: Guid(33ebc7792f1a26e45ba86bcf1b352a06) Importer(815301076,1909f56bfc062723c751e8b465ee728b)
Start importing Assets/Prefabs/ARLevel.prefab using Guid(33ebc7792f1a26e45ba86bcf1b352a06) Importer(815301076,1909f56bfc062723c751e8b465ee728b)  -> (artifact id: '2c1ef2acd9a3b99cbfe6172008069e3e') in 0.278998 seconds
Number of updated asset objects reloaded before import = 0
Number of asset objects unloaded after import = 1300
========================================================================
Received Import Request.
  Time since last request: 141.104132 seconds.
  path: Assets/Resources/Prefabs/GamplayStarter.prefab
  artifactKey: Guid(38a6ca18301ac22418e086a66fd0bcf6) Importer(815301076,1909f56bfc062723c751e8b465ee728b)
Start importing Assets/Resources/Prefabs/GamplayStarter.prefab using Guid(38a6ca18301ac22418e086a66fd0bcf6) Importer(815301076,1909f56bfc062723c751e8b465ee728b)  -> (artifact id: '20d9065de606d406b9675289255896e8') in 0.115415 seconds
Number of updated asset objects reloaded before import = 0
Number of asset objects unloaded after import = 427
========================================================================
Received Import Request.
  Time since last request: 8.346401 seconds.
  path: Assets/Resources/Prefabs/GamplayStarter.prefab
  artifactKey: Guid(38a6ca18301ac22418e086a66fd0bcf6) Importer(815301076,1909f56bfc062723c751e8b465ee728b)
Start importing Assets/Resources/Prefabs/GamplayStarter.prefab using Guid(38a6ca18301ac22418e086a66fd0bcf6) Importer(815301076,1909f56bfc062723c751e8b465ee728b)  -> (artifact id: 'c3989061d71e315581a1204418dc8d41') in 0.194210 seconds
Number of updated asset objects reloaded before import = 0
Number of asset objects unloaded after import = 427
========================================================================
Received Import Request.
  Time since last request: 4.274778 seconds.
  path: Assets/Resources/Prefabs/GamplayStarter.prefab
  artifactKey: Guid(38a6ca18301ac22418e086a66fd0bcf6) Importer(815301076,1909f56bfc062723c751e8b465ee728b)
Start importing Assets/Resources/Prefabs/GamplayStarter.prefab using Guid(38a6ca18301ac22418e086a66fd0bcf6) Importer(815301076,1909f56bfc062723c751e8b465ee728b)  -> (artifact id: 'a58ad153dc26b78e6c0a3579e638098c') in 0.188097 seconds
Number of updated asset objects reloaded before import = 0
Number of asset objects unloaded after import = 427
========================================================================
Received Import Request.
  Time since last request: 3.858891 seconds.
  path: Assets/Resources/Prefabs/GamplayStarter.prefab
  artifactKey: Guid(38a6ca18301ac22418e086a66fd0bcf6) Importer(815301076,1909f56bfc062723c751e8b465ee728b)
Start importing Assets/Resources/Prefabs/GamplayStarter.prefab using Guid(38a6ca18301ac22418e086a66fd0bcf6) Importer(815301076,1909f56bfc062723c751e8b465ee728b)  -> (artifact id: '559a6ebee31cedeb553caaa12fe9a59c') in 0.104576 seconds
Number of updated asset objects reloaded before import = 0
Number of asset objects unloaded after import = 427
========================================================================
Received Import Request.
  Time since last request: 2.139318 seconds.
  path: Assets/Resources/Prefabs/GamplayStarter.prefab
  artifactKey: Guid(38a6ca18301ac22418e086a66fd0bcf6) Importer(815301076,1909f56bfc062723c751e8b465ee728b)
Start importing Assets/Resources/Prefabs/GamplayStarter.prefab using Guid(38a6ca18301ac22418e086a66fd0bcf6) Importer(815301076,1909f56bfc062723c751e8b465ee728b)  -> (artifact id: 'e378bc878fda81e7744120cb62afa9c7') in 0.111317 seconds
Number of updated asset objects reloaded before import = 0
Number of asset objects unloaded after import = 427
========================================================================
Received Import Request.
  Time since last request: 2.918206 seconds.
  path: Assets/Resources/Prefabs/GamplayStarter.prefab
  artifactKey: Guid(38a6ca18301ac22418e086a66fd0bcf6) Importer(815301076,1909f56bfc062723c751e8b465ee728b)
Start importing Assets/Resources/Prefabs/GamplayStarter.prefab using Guid(38a6ca18301ac22418e086a66fd0bcf6) Importer(815301076,1909f56bfc062723c751e8b465ee728b)  -> (artifact id: '41cd68e8eb0f69b61e18ab60354041e5') in 0.097655 seconds
Number of updated asset objects reloaded before import = 0
Number of asset objects unloaded after import = 427
========================================================================
Received Import Request.
  Time since last request: 3.947760 seconds.
  path: Assets/Resources/Prefabs/GamplayStarter.prefab
  artifactKey: Guid(38a6ca18301ac22418e086a66fd0bcf6) Importer(815301076,1909f56bfc062723c751e8b465ee728b)
Start importing Assets/Resources/Prefabs/GamplayStarter.prefab using Guid(38a6ca18301ac22418e086a66fd0bcf6) Importer(815301076,1909f56bfc062723c751e8b465ee728b)  -> (artifact id: '021d4caa095b501f8195aabffeb242cb') in 0.104656 seconds
Number of updated asset objects reloaded before import = 0
Number of asset objects unloaded after import = 427
========================================================================
Received Import Request.
  Time since last request: 6.204501 seconds.
  path: Assets/Resources/Prefabs/GamplayStarter.prefab
  artifactKey: Guid(38a6ca18301ac22418e086a66fd0bcf6) Importer(815301076,1909f56bfc062723c751e8b465ee728b)
Start importing Assets/Resources/Prefabs/GamplayStarter.prefab using Guid(38a6ca18301ac22418e086a66fd0bcf6) Importer(815301076,1909f56bfc062723c751e8b465ee728b)  -> (artifact id: 'f60be876a856afbb0b2e99882b10bf51') in 0.143416 seconds
Number of updated asset objects reloaded before import = 0
Number of asset objects unloaded after import = 427
========================================================================
Received Import Request.
  Time since last request: 3.319293 seconds.
  path: Assets/Resources/Prefabs/GamplayStarter.prefab
  artifactKey: Guid(38a6ca18301ac22418e086a66fd0bcf6) Importer(815301076,1909f56bfc062723c751e8b465ee728b)
Start importing Assets/Resources/Prefabs/GamplayStarter.prefab using Guid(38a6ca18301ac22418e086a66fd0bcf6) Importer(815301076,1909f56bfc062723c751e8b465ee728b)  -> (artifact id: 'afeead4c924b3cb00e633a56d708da5e') in 0.172129 seconds
Number of updated asset objects reloaded before import = 0
Number of asset objects unloaded after import = 427
========================================================================
Received Import Request.
  Time since last request: 1.630076 seconds.
  path: Assets/Resources/Prefabs/GamplayStarter.prefab
  artifactKey: Guid(38a6ca18301ac22418e086a66fd0bcf6) Importer(815301076,1909f56bfc062723c751e8b465ee728b)
Start importing Assets/Resources/Prefabs/GamplayStarter.prefab using Guid(38a6ca18301ac22418e086a66fd0bcf6) Importer(815301076,1909f56bfc062723c751e8b465ee728b)  -> (artifact id: 'af54e4c994307edfea8d9fa06436b1da') in 0.105476 seconds
Number of updated asset objects reloaded before import = 0
Number of asset objects unloaded after import = 427
========================================================================
Received Import Request.
  Time since last request: 6.825201 seconds.
  path: Assets/Resources/Prefabs/GamplayStarter.prefab
  artifactKey: Guid(38a6ca18301ac22418e086a66fd0bcf6) Importer(815301076,1909f56bfc062723c751e8b465ee728b)
Start importing Assets/Resources/Prefabs/GamplayStarter.prefab using Guid(38a6ca18301ac22418e086a66fd0bcf6) Importer(815301076,1909f56bfc062723c751e8b465ee728b)  -> (artifact id: '612bc6cd0a7019b41937c802c1853a3f') in 0.095743 seconds
Number of updated asset objects reloaded before import = 0
Number of asset objects unloaded after import = 429
========================================================================
Received Import Request.
  Time since last request: 13.105025 seconds.
  path: Assets/Resources/Prefabs/GamplayStarter.prefab
  artifactKey: Guid(38a6ca18301ac22418e086a66fd0bcf6) Importer(815301076,1909f56bfc062723c751e8b465ee728b)
Start importing Assets/Resources/Prefabs/GamplayStarter.prefab using Guid(38a6ca18301ac22418e086a66fd0bcf6) Importer(815301076,1909f56bfc062723c751e8b465ee728b)  -> (artifact id: '07ebd5d342876b77d592ef9c9a654d60') in 0.120691 seconds
Number of updated asset objects reloaded before import = 0
Number of asset objects unloaded after import = 429
========================================================================
Received Import Request.
  Time since last request: 2.325329 seconds.
  path: Assets/Resources/Prefabs/GamplayStarter.prefab
  artifactKey: Guid(38a6ca18301ac22418e086a66fd0bcf6) Importer(815301076,1909f56bfc062723c751e8b465ee728b)
Start importing Assets/Resources/Prefabs/GamplayStarter.prefab using Guid(38a6ca18301ac22418e086a66fd0bcf6) Importer(815301076,1909f56bfc062723c751e8b465ee728b)  -> (artifact id: 'fd56cfabc840193ddd2b91b657a0edd1') in 0.098842 seconds
Number of updated asset objects reloaded before import = 0
Number of asset objects unloaded after import = 429
========================================================================
Received Import Request.
  Time since last request: 2.118121 seconds.
  path: Assets/Resources/Prefabs/GamplayStarter.prefab
  artifactKey: Guid(38a6ca18301ac22418e086a66fd0bcf6) Importer(815301076,1909f56bfc062723c751e8b465ee728b)
Start importing Assets/Resources/Prefabs/GamplayStarter.prefab using Guid(38a6ca18301ac22418e086a66fd0bcf6) Importer(815301076,1909f56bfc062723c751e8b465ee728b)  -> (artifact id: 'dfc7e11bcab046a6563cd78a7ea9510f') in 0.183946 seconds
Number of updated asset objects reloaded before import = 0
Number of asset objects unloaded after import = 429
========================================================================
Received Import Request.
  Time since last request: 3.275472 seconds.
  path: Assets/Resources/Prefabs/GamplayStarter.prefab
  artifactKey: Guid(38a6ca18301ac22418e086a66fd0bcf6) Importer(815301076,1909f56bfc062723c751e8b465ee728b)
Start importing Assets/Resources/Prefabs/GamplayStarter.prefab using Guid(38a6ca18301ac22418e086a66fd0bcf6) Importer(815301076,1909f56bfc062723c751e8b465ee728b)  -> (artifact id: '621eedabfe356258968e6effb67f43a1') in 0.173295 seconds
Number of updated asset objects reloaded before import = 0
Number of asset objects unloaded after import = 429
========================================================================
Received Import Request.
  Time since last request: 2.459768 seconds.
  path: Assets/Resources/Prefabs/GamplayStarter.prefab
  artifactKey: Guid(38a6ca18301ac22418e086a66fd0bcf6) Importer(815301076,1909f56bfc062723c751e8b465ee728b)
Start importing Assets/Resources/Prefabs/GamplayStarter.prefab using Guid(38a6ca18301ac22418e086a66fd0bcf6) Importer(815301076,1909f56bfc062723c751e8b465ee728b)  -> (artifact id: 'fd73d54798f6a0265f3072e2850b75d9') in 0.151263 seconds
Number of updated asset objects reloaded before import = 0
Number of asset objects unloaded after import = 429
========================================================================
Received Import Request.
  Time since last request: 2.680971 seconds.
  path: Assets/Resources/Prefabs/GamplayStarter.prefab
  artifactKey: Guid(38a6ca18301ac22418e086a66fd0bcf6) Importer(815301076,1909f56bfc062723c751e8b465ee728b)
Start importing Assets/Resources/Prefabs/GamplayStarter.prefab using Guid(38a6ca18301ac22418e086a66fd0bcf6) Importer(815301076,1909f56bfc062723c751e8b465ee728b)  -> (artifact id: 'b098eee9ed1805a695f4e8e471cc6e3f') in 0.157179 seconds
Number of updated asset objects reloaded before import = 0
Number of asset objects unloaded after import = 429
========================================================================
Received Import Request.
  Time since last request: 3.286156 seconds.
  path: Assets/Resources/Prefabs/GamplayStarter.prefab
  artifactKey: Guid(38a6ca18301ac22418e086a66fd0bcf6) Importer(815301076,1909f56bfc062723c751e8b465ee728b)
Start importing Assets/Resources/Prefabs/GamplayStarter.prefab using Guid(38a6ca18301ac22418e086a66fd0bcf6) Importer(815301076,1909f56bfc062723c751e8b465ee728b)  -> (artifact id: '36eb6102f9cb494b13b9fdc43f2fb2db') in 0.142549 seconds
Number of updated asset objects reloaded before import = 0
Number of asset objects unloaded after import = 429
========================================================================
Received Import Request.
  Time since last request: 0.609896 seconds.
  path: Assets/Models/FBX/PropsFBX.fbx
  artifactKey: Guid(fde463d1640be964dad05cce1c744989) Importer(815301076,1909f56bfc062723c751e8b465ee728b)
Start importing Assets/Models/FBX/PropsFBX.fbx using Guid(fde463d1640be964dad05cce1c744989) Importer(815301076,1909f56bfc062723c751e8b465ee728b)  -> (artifact id: '06adf8c53f196644c31e2ccfc1567c32') in 1.850799 seconds
Number of updated asset objects reloaded before import = 0
Number of asset objects unloaded after import = 2072
========================================================================
Received Import Request.
  Time since last request: 5.963165 seconds.
  path: Assets/Resources/Prefabs/GamplayStarter.prefab
  artifactKey: Guid(38a6ca18301ac22418e086a66fd0bcf6) Importer(815301076,1909f56bfc062723c751e8b465ee728b)
Start importing Assets/Resources/Prefabs/GamplayStarter.prefab using Guid(38a6ca18301ac22418e086a66fd0bcf6) Importer(815301076,1909f56bfc062723c751e8b465ee728b)  -> (artifact id: '313c77bf80ab32b3b1ed0f3aefff0f08') in 0.099630 seconds
Number of updated asset objects reloaded before import = 0
Number of asset objects unloaded after import = 425
========================================================================
Received Import Request.
  Time since last request: 26.154071 seconds.
  path: Assets/Scenes/Gameplay/Level 1 (Tutorial).unity
  artifactKey: Guid(d2d99d26eebc6bd408e4f357ca1b6163) Importer(815301076,1909f56bfc062723c751e8b465ee728b)
Start importing Assets/Scenes/Gameplay/Level 1 (Tutorial).unity using Guid(d2d99d26eebc6bd408e4f357ca1b6163) Importer(815301076,1909f56bfc062723c751e8b465ee728b)  -> (artifact id: 'cbd8ade372ce732d59c6fc68defc2200') in 0.000931 seconds
Number of updated asset objects reloaded before import = 0
Number of asset objects unloaded after import = 0
========================================================================
Received Import Request.
  Time since last request: 2.801847 seconds.
  path: Assets/Scenes/Gameplay/Level 3 (Outside Level).unity
  artifactKey: Guid(b4495a6eaf3047e44bc5374d2ba2a32c) Importer(815301076,1909f56bfc062723c751e8b465ee728b)
Start importing Assets/Scenes/Gameplay/Level 3 (Outside Level).unity using Guid(b4495a6eaf3047e44bc5374d2ba2a32c) Importer(815301076,1909f56bfc062723c751e8b465ee728b)  -> (artifact id: '6f8ed78d3121abb0b9e81992f533b0fa') in 0.000638 seconds
Number of updated asset objects reloaded before import = 0
Number of asset objects unloaded after import = 0
========================================================================
Received Import Request.
  Time since last request: 24.065013 seconds.
  path: Assets/Prefabs/ARLevel.prefab
  artifactKey: Guid(33ebc7792f1a26e45ba86bcf1b352a06) Importer(815301076,1909f56bfc062723c751e8b465ee728b)
Start importing Assets/Prefabs/ARLevel.prefab using Guid(33ebc7792f1a26e45ba86bcf1b352a06) Importer(815301076,1909f56bfc062723c751e8b465ee728b)  -> (artifact id: 'd02e4c6bc339d7eeebe679b4a004cea8') in 0.156324 seconds
Number of updated asset objects reloaded before import = 0
Number of asset objects unloaded after import = 1312
========================================================================
Received Import Request.
  Time since last request: 43.995641 seconds.
  path: Assets/Scenes/Gameplay/Level 2 (Kitchen).unity
  artifactKey: Guid(96105b888e5053d4e92cd7b751d158b0) Importer(815301076,1909f56bfc062723c751e8b465ee728b)
Start importing Assets/Scenes/Gameplay/Level 2 (Kitchen).unity using Guid(96105b888e5053d4e92cd7b751d158b0) Importer(815301076,1909f56bfc062723c751e8b465ee728b)  -> (artifact id: '130ac2bdbe4ad65a8fabf16658499df8') in 0.001653 seconds
Number of updated asset objects reloaded before import = 0
Number of asset objects unloaded after import = 0
========================================================================
Received Import Request.
  Time since last request: 78.433868 seconds.
  path: Assets/Models/FBX
  artifactKey: Guid(6d7bdb3e5a1c5a048ac11bba55425edd) Importer(815301076,1909f56bfc062723c751e8b465ee728b)
Start importing Assets/Models/FBX using Guid(6d7bdb3e5a1c5a048ac11bba55425edd) Importer(815301076,1909f56bfc062723c751e8b465ee728b)  -> (artifact id: '4ae50d508a761539fdee8c19461495c8') in 0.000958 seconds
Number of updated asset objects reloaded before import = 0
Number of asset objects unloaded after import = 0
========================================================================
Received Import Request.
  Time since last request: 18.975773 seconds.
  path: Assets/Prefabs 1/Mix/TriangularFlag.prefab
  artifactKey: Guid(77c498182cfc2284891f8a1647296136) Importer(815301076,1909f56bfc062723c751e8b465ee728b)
Start importing Assets/Prefabs 1/Mix/TriangularFlag.prefab using Guid(77c498182cfc2284891f8a1647296136) Importer(815301076,1909f56bfc062723c751e8b465ee728b)  -> (artifact id: 'a77c8789fe8bba5fb35800301ff928f5') in 0.009292 seconds
Number of updated asset objects reloaded before import = 0
Number of asset objects unloaded after import = 8
========================================================================
Received Import Request.
  Time since last request: 0.000012 seconds.
  path: Assets/Samples/XR Interaction Toolkit/2.5.3/XR Device Simulator/UI/XR Device Simulator UI.prefab
  artifactKey: Guid(ead42e0472b7547fbba6c229aeaf37d3) Importer(815301076,1909f56bfc062723c751e8b465ee728b)
Start importing Assets/Samples/XR Interaction Toolkit/2.5.3/XR Device Simulator/UI/XR Device Simulator UI.prefab using Guid(ead42e0472b7547fbba6c229aeaf37d3) Importer(815301076,1909f56bfc062723c751e8b465ee728b)  -> (artifact id: '687c4dec4659aad61f2cd7767a1092f7') in 0.020945 seconds
Number of updated asset objects reloaded before import = 0
Number of asset objects unloaded after import = 756
========================================================================
Received Import Request.
  Time since last request: 11.417416 seconds.
  path: Assets/Materials/PNG Textures/triangularFlag.png
  artifactKey: Guid(5ef895b7139f44c46bedb0b93da79b38) Importer(815301076,1909f56bfc062723c751e8b465ee728b)
Start importing Assets/Materials/PNG Textures/triangularFlag.png using Guid(5ef895b7139f44c46bedb0b93da79b38) Importer(815301076,1909f56bfc062723c751e8b465ee728b)  -> (artifact id: '373411f4e1e9f1e3aef28859a2ec70c1') in 0.000771 seconds
Number of updated asset objects reloaded before import = 0
Number of asset objects unloaded after import = 0
========================================================================
Received Import Request.
  Time since last request: 5.496604 seconds.
  path: Assets/Materials/PNG Textures
  artifactKey: Guid(dd618f425b9572b47998b05646bb941c) Importer(815301076,1909f56bfc062723c751e8b465ee728b)
Start importing Assets/Materials/PNG Textures using Guid(dd618f425b9572b47998b05646bb941c) Importer(815301076,1909f56bfc062723c751e8b465ee728b)  -> (artifact id: '3b3057c0851dafc646c3a48c9f098ddf') in 0.000697 seconds
Number of updated asset objects reloaded before import = 0
Number of asset objects unloaded after import = 0
========================================================================
Received Import Request.
  Time since last request: 18.399017 seconds.
  path: Assets/Scenes/Gameplay/Level 2 (Kitchen).unity
  artifactKey: Guid(96105b888e5053d4e92cd7b751d158b0) Importer(815301076,1909f56bfc062723c751e8b465ee728b)
Start importing Assets/Scenes/Gameplay/Level 2 (Kitchen).unity using Guid(96105b888e5053d4e92cd7b751d158b0) Importer(815301076,1909f56bfc062723c751e8b465ee728b)  -> (artifact id: 'b5d9f5c5e513c759172603a2f2ec711d') in 0.000737 seconds
Number of updated asset objects reloaded before import = 0
Number of asset objects unloaded after import = 0
========================================================================
Received Import Request.
  Time since last request: 2.446328 seconds.
  path: Assets/Scenes/Gameplay/Level 3 (Outside Level).unity
  artifactKey: Guid(b4495a6eaf3047e44bc5374d2ba2a32c) Importer(815301076,1909f56bfc062723c751e8b465ee728b)
Start importing Assets/Scenes/Gameplay/Level 3 (Outside Level).unity using Guid(b4495a6eaf3047e44bc5374d2ba2a32c) Importer(815301076,1909f56bfc062723c751e8b465ee728b)  -> (artifact id: '5af201f00749ce592207eea8da89f478') in 0.000701 seconds
Number of updated asset objects reloaded before import = 0
Number of asset objects unloaded after import = 0
