Using pre-set license
Built from '2022.3/release' branch; Version is '2022.3.18f1 (d29bea25151d) revision 13802474'; Using compiler version '192829333'; Build Type 'Release'
OS: 'Windows 11  (10.0.22631) 64bit Core' Language: 'en' Physical Memory: 32403 MB
BatchMode: 1, IsHumanControllingUs: 0, StartBugReporterOnCrash: 0, Is64bit: 1, IsPro: 1

COMMAND LINE ARGUMENTS:
C:\Program Files\Unity\Hub\Editor\2022.3.18f1\Editor\Unity.exe
-adb2
-batchMode
-noUpm
-name
AssetImportWorker14
-projectPath
C:/Users/ejbah/SPACE-GOLF
-logFile
Logs/AssetImportWorker14.log
-srvPort
51897
Successfully changed project path to: C:/Users/ejbah/SPACE-GOLF
C:/Users/ejbah/SPACE-GOLF
[UnityMemory] Configuration Parameters - Can be set up in boot.config
    "memorysetup-bucket-allocator-granularity=16"
    "memorysetup-bucket-allocator-bucket-count=8"
    "memorysetup-bucket-allocator-block-size=33554432"
    "memorysetup-bucket-allocator-block-count=8"
    "memorysetup-main-allocator-block-size=16777216"
    "memorysetup-thread-allocator-block-size=16777216"
    "memorysetup-gfx-main-allocator-block-size=16777216"
    "memorysetup-gfx-thread-allocator-block-size=16777216"
    "memorysetup-cache-allocator-block-size=4194304"
    "memorysetup-typetree-allocator-block-size=2097152"
    "memorysetup-profiler-bucket-allocator-granularity=16"
    "memorysetup-profiler-bucket-allocator-bucket-count=8"
    "memorysetup-profiler-bucket-allocator-block-size=33554432"
    "memorysetup-profiler-bucket-allocator-block-count=8"
    "memorysetup-profiler-allocator-block-size=16777216"
    "memorysetup-profiler-editor-allocator-block-size=1048576"
    "memorysetup-temp-allocator-size-main=16777216"
    "memorysetup-job-temp-allocator-block-size=2097152"
    "memorysetup-job-temp-allocator-block-size-background=1048576"
    "memorysetup-job-temp-allocator-reduction-small-platforms=262144"
    "memorysetup-allocator-temp-initial-block-size-main=262144"
    "memorysetup-allocator-temp-initial-block-size-worker=262144"
    "memorysetup-temp-allocator-size-background-worker=32768"
    "memorysetup-temp-allocator-size-job-worker=262144"
    "memorysetup-temp-allocator-size-preload-manager=33554432"
    "memorysetup-temp-allocator-size-nav-mesh-worker=65536"
    "memorysetup-temp-allocator-size-audio-worker=65536"
    "memorysetup-temp-allocator-size-cloud-worker=32768"
    "memorysetup-temp-allocator-size-gi-baking-worker=262144"
    "memorysetup-temp-allocator-size-gfx=262144"
Player connection [26244] Host "[IP] 192.168.86.24 [Port] 0 [Flags] 2 [Guid] 929472825 [EditorId] 929472825 [Version] 1048832 [Id] WindowsEditor(7,VirusFactoryV2) [Debug] 1 [PackageName] WindowsEditor [ProjectName] Editor" joined multi-casting on [225.0.0.222:54997]...

Player connection [26244] Host "[IP] 192.168.86.24 [Port] 0 [Flags] 2 [Guid] 929472825 [EditorId] 929472825 [Version] 1048832 [Id] WindowsEditor(7,VirusFactoryV2) [Debug] 1 [PackageName] WindowsEditor [ProjectName] Editor" joined alternative multi-casting on [225.0.0.222:34997]...

[Physics::Module] Initialized MultithreadedJobDispatcher with 31 workers.
Refreshing native plugins compatible for Editor in 15.73 ms, found 8 plugins.
Preloading 0 native plugins for Editor in 0.00 ms.
Initialize engine version: 2022.3.18f1 (d29bea25151d)
[Subsystems] Discovering subsystems at path C:/Program Files/Unity/Hub/Editor/2022.3.18f1/Editor/Data/Resources/UnitySubsystems
[Subsystems] Discovering subsystems at path C:/Users/ejbah/SPACE-GOLF/Assets
GfxDevice: creating device client; threaded=0; jobified=0
Direct3D:
    Version:  Direct3D 11.0 [level 11.1]
    Renderer: NVIDIA GeForce RTX 4070 Laptop GPU (ID=0x2860)
    Vendor:   NVIDIA
    VRAM:     7962 MB
    Driver:   31.0.15.3758
Initialize mono
Mono path[0] = 'C:/Program Files/Unity/Hub/Editor/2022.3.18f1/Editor/Data/Managed'
Mono path[1] = 'C:/Program Files/Unity/Hub/Editor/2022.3.18f1/Editor/Data/MonoBleedingEdge/lib/mono/unityjit-win32'
Mono config path = 'C:/Program Files/Unity/Hub/Editor/2022.3.18f1/Editor/Data/MonoBleedingEdge/etc'
Using monoOptions --debugger-agent=transport=dt_socket,embedding=1,server=y,suspend=n,address=127.0.0.1:56104
Begin MonoManager ReloadAssembly
Registering precompiled unity dll's ...
Register platform support module: C:/Program Files/Unity/Hub/Editor/2022.3.18f1/Editor/Data/PlaybackEngines/AndroidPlayer/UnityEditor.Android.Extensions.dll
Register platform support module: C:/Program Files/Unity/Hub/Editor/2022.3.18f1/Editor/Data/PlaybackEngines/iOSSupport/UnityEditor.iOS.Extensions.dll
Register platform support module: C:/Program Files/Unity/Hub/Editor/2022.3.18f1/Editor/Data/PlaybackEngines/WindowsStandaloneSupport/UnityEditor.WindowsStandalone.Extensions.dll
Registered in 0.007448 seconds.
- Loaded All Assemblies, in  0.273 seconds
Native extension for WindowsStandalone target not found
[usbmuxd] Start listen thread
[usbmuxd] Listen thread started
[usbmuxd] Send listen message
Native extension for iOS target not found
Native extension for Android target not found
Android Extension - Scanning For ADB Devices 252 ms
Mono: successfully reloaded assembly
- Finished resetting the current domain, in  0.549 seconds
Domain Reload Profiling: 821ms
	BeginReloadAssembly (79ms)
		ExecutionOrderSort (0ms)
		DisableScriptedObjects (0ms)
		BackupInstance (0ms)
		ReleaseScriptingObjects (0ms)
		CreateAndSetChildDomain (1ms)
	RebuildCommonClasses (24ms)
	RebuildNativeTypeToScriptingClass (7ms)
	initialDomainReloadingComplete (45ms)
	LoadAllAssembliesAndSetupDomain (117ms)
		LoadAssemblies (78ms)
		RebuildTransferFunctionScriptingTraits (0ms)
		AnalyzeDomain (115ms)
			TypeCache.Refresh (114ms)
				TypeCache.ScanAssembly (102ms)
			ScanForSourceGeneratedMonoScriptInfo (0ms)
			ResolveRequiredComponents (0ms)
	FinalizeReload (549ms)
		ReleaseScriptCaches (0ms)
		RebuildScriptCaches (0ms)
		SetupLoadedEditorAssemblies (495ms)
			LogAssemblyErrors (0ms)
			InitializePlatformSupportModulesInManaged (360ms)
			SetLoadedEditorAssemblies (4ms)
			RefreshPlugins (0ms)
			BeforeProcessingInitializeOnLoad (2ms)
			ProcessInitializeOnLoadAttributes (88ms)
			ProcessInitializeOnLoadMethodAttributes (42ms)
			AfterProcessingInitializeOnLoad (0ms)
			EditorAssembliesLoaded (0ms)
		ExecutionOrderSort2 (0ms)
		AwakeInstancesAfterBackupRestoration (0ms)
========================================================================
Worker process is ready to serve import requests
Begin MonoManager ReloadAssembly
- Loaded All Assemblies, in  1.437 seconds
Refreshing native plugins compatible for Editor in 11.39 ms, found 8 plugins.
Native extension for WindowsStandalone target not found
Native extension for iOS target not found
Native extension for Android target not found
Package Manager log level set to [2]
[Package Manager] Server::EnsureServerProcessIsRunning -- launch failed, reason: Unity was launched with the -noUpm command-line argument
[Package Manager] UpmClient::Send -- Unable to send message (not connected to UPM process).
[Package Manager] Cannot connect to Unity Package Manager local server
Mono: successfully reloaded assembly
[Package Manager] Server::EnsureServerProcessIsRunning -- launch failed, reason: Unity was launched with the -noUpm command-line argument
[Package Manager] UpmClient::Send -- Unable to send message (not connected to UPM process).
[Package Manager] Cannot connect to Unity Package Manager local server
[Package Manager] Server::EnsureServerProcessIsRunning -- launch failed, reason: Unity was launched with the -noUpm command-line argument
[Package Manager] UpmClient::Send -- Unable to send message (not connected to UPM process).
[Package Manager] Cannot connect to Unity Package Manager local server
[Package Manager] Server::EnsureServerProcessIsRunning -- launch failed, reason: Unity was launched with the -noUpm command-line argument
[Package Manager] UpmClient::Send -- Unable to send message (not connected to UPM process).
[Package Manager] Cannot connect to Unity Package Manager local server
[Package Manager] Server::EnsureServerProcessIsRunning -- launch failed, reason: Unity was launched with the -noUpm command-line argument
[Package Manager] UpmClient::Send -- Unable to send message (not connected to UPM process).
[Package Manager] Cannot connect to Unity Package Manager local server
- Finished resetting the current domain, in  1.747 seconds
Domain Reload Profiling: 3181ms
	BeginReloadAssembly (188ms)
		ExecutionOrderSort (0ms)
		DisableScriptedObjects (11ms)
		BackupInstance (0ms)
		ReleaseScriptingObjects (0ms)
		CreateAndSetChildDomain (17ms)
	RebuildCommonClasses (31ms)
	RebuildNativeTypeToScriptingClass (9ms)
	initialDomainReloadingComplete (37ms)
	LoadAllAssembliesAndSetupDomain (1169ms)
		LoadAssemblies (1017ms)
		RebuildTransferFunctionScriptingTraits (0ms)
		AnalyzeDomain (264ms)
			TypeCache.Refresh (195ms)
				TypeCache.ScanAssembly (154ms)
			ScanForSourceGeneratedMonoScriptInfo (56ms)
			ResolveRequiredComponents (13ms)
	FinalizeReload (1748ms)
		ReleaseScriptCaches (0ms)
		RebuildScriptCaches (0ms)
		SetupLoadedEditorAssemblies (1594ms)
			LogAssemblyErrors (0ms)
			InitializePlatformSupportModulesInManaged (33ms)
			SetLoadedEditorAssemblies (6ms)
			RefreshPlugins (0ms)
			BeforeProcessingInitializeOnLoad (149ms)
			ProcessInitializeOnLoadAttributes (342ms)
			ProcessInitializeOnLoadMethodAttributes (1058ms)
			AfterProcessingInitializeOnLoad (5ms)
			EditorAssembliesLoaded (0ms)
		ExecutionOrderSort2 (0ms)
		AwakeInstancesAfterBackupRestoration (5ms)
Launched and connected shader compiler UnityShaderCompiler.exe after 0.08 seconds
Refreshing native plugins compatible for Editor in 10.15 ms, found 8 plugins.
Preloading 0 native plugins for Editor in 0.00 ms.
Unloading 4521 Unused Serialized files (Serialized files now loaded: 0)
Unloading 305 unused Assets / (1.7 MB). Loaded Objects now: 4793.
Memory consumption went from 213.8 MB to 212.1 MB.
Total: 4.013800 ms (FindLiveObjects: 0.197600 ms CreateObjectMapping: 0.075800 ms MarkObjects: 2.940500 ms  DeleteObjects: 0.799100 ms)

AssetImportParameters requested are different than current active one (requested -> active):
  custom:container-demuxer-ogg: 62fdf1f143b41e24485cea50d1cbac27 -> 
  custom:video-codec-MediaFoundation-h265: 746d11721c4dcdbdad8f713fa42b33f4 -> 
  custom:video-decoder-ogg-theora: a1e56fd34408186e4bbccfd4996cb3dc -> 
  custom:framework-win-MediaFoundation: 216162199b28c13a410421893ffa2e32 -> 
  custom:CustomObjectIndexerAttribute: 6d391050e5a25f67b0a2c618074f2cd9 -> 
  custom:container-demuxer-webm: 4f35f7cbe854078d1ac9338744f61a02 -> 
  custom:container-muxer-webm: aa71ff27fc2769a1b78a27578f13a17b -> 
  custom:video-decoder-webm-vp8: 9c59270c3fd7afecdb556c50c9e8de78 -> 
  custom:SearchIndexIgnoredProperties: e643bd26f0fe6173181afceb89e7c659 -> 
  custom:AudioImporter_EditorPlatform: d09bf68614088b80899f8185d706f6e7 -> 
  custom:video-encoder-webm-vp8: eb34c28f22e8b96e1ab97ce403110664 -> 
  custom:audio-decoder-ogg-vorbis: bf7c407c2cedff20999df2af8eb42d56 -> 
  custom:audio-encoder-webm-vorbis: bf7c407c2cedff20999df2af8eb42d56 -> 
========================================================================
Received Import Request.
  Time since last request: 14824.376926 seconds.
  path: Assets/Materials/TestMats/relatedTextures/white-circle-emoji-1024x1024-rgteb66o.png
  artifactKey: Guid(58a1f51f2b08b174da3ca4dc8d84bde2) Importer(815301076,1909f56bfc062723c751e8b465ee728b)
Start importing Assets/Materials/TestMats/relatedTextures/white-circle-emoji-1024x1024-rgteb66o.png using Guid(58a1f51f2b08b174da3ca4dc8d84bde2) Importer(815301076,1909f56bfc062723c751e8b465ee728b)  -> (artifact id: '92f3b0edcfc5d6da8079b0697e0efc48') in 0.086749 seconds
Number of updated asset objects reloaded before import = 0
Number of asset objects unloaded after import = 3
========================================================================
Received Import Request.
  Time since last request: 122.659769 seconds.
  path: Assets/Audio/Music/the-moment-of-self-awareness-183711.mp3
  artifactKey: Guid(3dea6dfb0cafaa34292b963a1bb21874) Importer(815301076,1909f56bfc062723c751e8b465ee728b)
Start importing Assets/Audio/Music/the-moment-of-self-awareness-183711.mp3 using Guid(3dea6dfb0cafaa34292b963a1bb21874) Importer(815301076,1909f56bfc062723c751e8b465ee728b)  -> (artifact id: 'd68247547440b3e355d96dfa4504330e') in 0.065434 seconds
Number of updated asset objects reloaded before import = 0
Number of asset objects unloaded after import = 2
========================================================================
Received Import Request.
  Time since last request: 52.229616 seconds.
  path: Assets/Models/FBX/Textures/CarbonFiberTexture.jpg
  artifactKey: Guid(792738a88512c3c4089f99d2cb124571) Importer(815301076,1909f56bfc062723c751e8b465ee728b)
Start importing Assets/Models/FBX/Textures/CarbonFiberTexture.jpg using Guid(792738a88512c3c4089f99d2cb124571) Importer(815301076,1909f56bfc062723c751e8b465ee728b)  -> (artifact id: '8dfdf462dc025ae18942567641749c1b') in 0.046101 seconds
Number of updated asset objects reloaded before import = 0
Number of asset objects unloaded after import = 2
========================================================================
Received Import Request.
  Time since last request: 0.000084 seconds.
  path: Assets/Models/FBX/Textures/OrangeRock.PNG
  artifactKey: Guid(ecc9d606bdd9c9a48ae83234b113f008) Importer(815301076,1909f56bfc062723c751e8b465ee728b)
Start importing Assets/Models/FBX/Textures/OrangeRock.PNG using Guid(ecc9d606bdd9c9a48ae83234b113f008) Importer(815301076,1909f56bfc062723c751e8b465ee728b)  -> (artifact id: 'f45b0743b55a475a9f8edf190c7ab283') in 0.061483 seconds
Number of updated asset objects reloaded before import = 0
Number of asset objects unloaded after import = 2
========================================================================
Received Import Request.
  Time since last request: 0.000015 seconds.
  path: Assets/Models/FBX/Textures/MetalDoor.jpg
  artifactKey: Guid(c0a86d5b528e83d489a3496961437c81) Importer(815301076,1909f56bfc062723c751e8b465ee728b)
Start importing Assets/Models/FBX/Textures/MetalDoor.jpg using Guid(c0a86d5b528e83d489a3496961437c81) Importer(815301076,1909f56bfc062723c751e8b465ee728b)  -> (artifact id: '9adc6c2ef4e6e84dbd57126b55111df0') in 0.055809 seconds
Number of updated asset objects reloaded before import = 0
Number of asset objects unloaded after import = 2
========================================================================
Received Import Request.
  Time since last request: 0.000355 seconds.
  path: Assets/Models/FBX/Textures/RedButtonTexture.jpg
  artifactKey: Guid(7eecacd4503a79f4e863c501e724fd3b) Importer(815301076,1909f56bfc062723c751e8b465ee728b)
Start importing Assets/Models/FBX/Textures/RedButtonTexture.jpg using Guid(7eecacd4503a79f4e863c501e724fd3b) Importer(815301076,1909f56bfc062723c751e8b465ee728b)  -> (artifact id: '863df617164b8c5604dfaef68598e4a8') in 0.037748 seconds
Number of updated asset objects reloaded before import = 0
Number of asset objects unloaded after import = 2
========================================================================
Received Import Request.
  Time since last request: 0.000098 seconds.
  path: Assets/Models/FBX/Textures/MetalPlatesDucts0021_1_350.jpg
  artifactKey: Guid(06a9e6d8f2820e14da0a1b2d27bbcce2) Importer(815301076,1909f56bfc062723c751e8b465ee728b)
Start importing Assets/Models/FBX/Textures/MetalPlatesDucts0021_1_350.jpg using Guid(06a9e6d8f2820e14da0a1b2d27bbcce2) Importer(815301076,1909f56bfc062723c751e8b465ee728b)  -> (artifact id: 'b552321e1204f5b2ecc2c8f2e3333d79') in 0.027264 seconds
Number of updated asset objects reloaded before import = 0
Number of asset objects unloaded after import = 2
========================================================================
Received Import Request.
  Time since last request: 0.000015 seconds.
  path: Assets/Models/FBX/Textures/SciFiMetal.jpg
  artifactKey: Guid(2ae320b7568c69f43bbe76f12bb5bdf3) Importer(815301076,1909f56bfc062723c751e8b465ee728b)
Start importing Assets/Models/FBX/Textures/SciFiMetal.jpg using Guid(2ae320b7568c69f43bbe76f12bb5bdf3) Importer(815301076,1909f56bfc062723c751e8b465ee728b)  -> (artifact id: 'fc1e08025ceaf0260b3d2cfd4e231a57') in 0.025435 seconds
Number of updated asset objects reloaded before import = 0
Number of asset objects unloaded after import = 2
========================================================================
Received Import Request.
  Time since last request: 0.000021 seconds.
  path: Assets/Models/FBX/Textures/MetalGrateFloorTex1.jpg
  artifactKey: Guid(21a81f14de445704bad1bec60e15b40a) Importer(815301076,1909f56bfc062723c751e8b465ee728b)
Start importing Assets/Models/FBX/Textures/MetalGrateFloorTex1.jpg using Guid(21a81f14de445704bad1bec60e15b40a) Importer(815301076,1909f56bfc062723c751e8b465ee728b)  -> (artifact id: 'c4bc6962cfe132ecbe3533889c77cdc7') in 0.025859 seconds
Number of updated asset objects reloaded before import = 0
Number of asset objects unloaded after import = 2
========================================================================
Received Import Request.
  Time since last request: 0.000137 seconds.
  path: Assets/Models/FBX/Textures/SciFiMetalBase.PNG
  artifactKey: Guid(82f0dfd3473b0774587fb18c75995655) Importer(815301076,1909f56bfc062723c751e8b465ee728b)
Start importing Assets/Models/FBX/Textures/SciFiMetalBase.PNG using Guid(82f0dfd3473b0774587fb18c75995655) Importer(815301076,1909f56bfc062723c751e8b465ee728b)  -> (artifact id: '555e685964b139b0b5227eadc4d7e476') in 0.025032 seconds
Number of updated asset objects reloaded before import = 0
Number of asset objects unloaded after import = 2
========================================================================
Received Import Request.
  Time since last request: 0.000066 seconds.
  path: Assets/Models/FBX/Textures/RustyMetal3.jpg
  artifactKey: Guid(25a92b2b3a6b0c74ab8119efc8f78d33) Importer(815301076,1909f56bfc062723c751e8b465ee728b)
Start importing Assets/Models/FBX/Textures/RustyMetal3.jpg using Guid(25a92b2b3a6b0c74ab8119efc8f78d33) Importer(815301076,1909f56bfc062723c751e8b465ee728b)  -> (artifact id: '48860713483a2c92b89fab54866c26e7') in 0.045323 seconds
Number of updated asset objects reloaded before import = 0
Number of asset objects unloaded after import = 2
========================================================================
Received Import Request.
  Time since last request: 0.000013 seconds.
  path: Assets/Models/FBX/Textures/LaserMetal.PNG
  artifactKey: Guid(b9e7446b94786224baea6086ee991902) Importer(815301076,1909f56bfc062723c751e8b465ee728b)
Start importing Assets/Models/FBX/Textures/LaserMetal.PNG using Guid(b9e7446b94786224baea6086ee991902) Importer(815301076,1909f56bfc062723c751e8b465ee728b)  -> (artifact id: '831799dad35d0c4eb77988d01ac10754') in 0.027590 seconds
Number of updated asset objects reloaded before import = 0
Number of asset objects unloaded after import = 2
========================================================================
Received Import Request.
  Time since last request: 0.000017 seconds.
  path: Assets/Models/FBX/Textures/OrangeLight1.jpg
  artifactKey: Guid(0ecf9fc74c1794c4091260ebd123d040) Importer(815301076,1909f56bfc062723c751e8b465ee728b)
Start importing Assets/Models/FBX/Textures/OrangeLight1.jpg using Guid(0ecf9fc74c1794c4091260ebd123d040) Importer(815301076,1909f56bfc062723c751e8b465ee728b)  -> (artifact id: '8669f7be30c004381600ec76cf0900c6') in 0.026380 seconds
Number of updated asset objects reloaded before import = 0
Number of asset objects unloaded after import = 2
========================================================================
Received Import Request.
  Time since last request: 0.000022 seconds.
  path: Assets/Models/FBX/Textures/WhiteMetal.PNG
  artifactKey: Guid(83e7f7953835ac4478d8033503675be6) Importer(815301076,1909f56bfc062723c751e8b465ee728b)
Start importing Assets/Models/FBX/Textures/WhiteMetal.PNG using Guid(83e7f7953835ac4478d8033503675be6) Importer(815301076,1909f56bfc062723c751e8b465ee728b)  -> (artifact id: 'd56040538359dba30ecb432245f40042') in 0.021718 seconds
Number of updated asset objects reloaded before import = 0
Number of asset objects unloaded after import = 2
========================================================================
Received Import Request.
  Time since last request: 0.000015 seconds.
  path: Assets/Models/FBX/Textures/OrangeLight2.jpg
  artifactKey: Guid(61ebc772f2375d54e9e2992af54b56af) Importer(815301076,1909f56bfc062723c751e8b465ee728b)
Start importing Assets/Models/FBX/Textures/OrangeLight2.jpg using Guid(61ebc772f2375d54e9e2992af54b56af) Importer(815301076,1909f56bfc062723c751e8b465ee728b)  -> (artifact id: '48d3443b51d22aed1d3c1443d019feff') in 0.036265 seconds
Number of updated asset objects reloaded before import = 0
Number of asset objects unloaded after import = 2
========================================================================
Received Import Request.
  Time since last request: 0.000197 seconds.
  path: Assets/Models/FBX/Textures/constantine-fedotov-ground-sand-rocky-02.jpg
  artifactKey: Guid(91241316090462143b20f36f447d13dc) Importer(815301076,1909f56bfc062723c751e8b465ee728b)
Start importing Assets/Models/FBX/Textures/constantine-fedotov-ground-sand-rocky-02.jpg using Guid(91241316090462143b20f36f447d13dc) Importer(815301076,1909f56bfc062723c751e8b465ee728b)  -> (artifact id: 'e0d5461ef8649b0bec04f396d46846b0') in 0.030237 seconds
Number of updated asset objects reloaded before import = 0
Number of asset objects unloaded after import = 2
Editor requested this worker to shutdown with reason: Scaling down because of idle timeout
TcpMessagingSession - receive error: operation aborted. errorcode: 995, details: The I/O operation has been aborted because of either a thread exit or an application request.
AssetImportWorker is now disconnected from the server
Process exiting
Exiting without the bug reporter. Application will terminate with return code 0